mode: set
github.com/0xERR0R/blocky/api/api_client.gen.go:50.70,56.25 2 0
github.com/0xERR0R/blocky/api/api_client.gen.go:56.25,57.36 1 0
github.com/0xERR0R/blocky/api/api_client.gen.go:57.36,59.4 1 0
github.com/0xERR0R/blocky/api/api_client.gen.go:62.2,62.44 1 0
github.com/0xERR0R/blocky/api/api_client.gen.go:62.44,64.3 1 0
github.com/0xERR0R/blocky/api/api_client.gen.go:66.2,66.26 1 0
github.com/0xERR0R/blocky/api/api_client.gen.go:66.26,68.3 1 0
github.com/0xERR0R/blocky/api/api_client.gen.go:69.2,69.21 1 0
github.com/0xERR0R/blocky/api/api_client.gen.go:74.56,75.31 1 0
github.com/0xERR0R/blocky/api/api_client.gen.go:75.31,78.3 2 0
github.com/0xERR0R/blocky/api/api_client.gen.go:83.59,84.31 1 0
github.com/0xERR0R/blocky/api/api_client.gen.go:84.31,87.3 2 0
github.com/0xERR0R/blocky/api/api_client.gen.go:113.141,115.16 2 0
github.com/0xERR0R/blocky/api/api_client.gen.go:115.16,117.3 1 0
github.com/0xERR0R/blocky/api/api_client.gen.go:118.2,119.61 2 0
github.com/0xERR0R/blocky/api/api_client.gen.go:119.61,121.3 1 0
github.com/0xERR0R/blocky/api/api_client.gen.go:122.2,122.25 1 0
github.com/0xERR0R/blocky/api/api_client.gen.go:125.109,127.16 2 0
github.com/0xERR0R/blocky/api/api_client.gen.go:127.16,129.3 1 0
github.com/0xERR0R/blocky/api/api_client.gen.go:130.2,131.61 2 0
github.com/0xERR0R/blocky/api/api_client.gen.go:131.61,133.3 1 0
github.com/0xERR0R/blocky/api/api_client.gen.go:134.2,134.25 1 0
github.com/0xERR0R/blocky/api/api_client.gen.go:137.109,139.16 2 0
github.com/0xERR0R/blocky/api/api_client.gen.go:139.16,141.3 1 0
github.com/0xERR0R/blocky/api/api_client.gen.go:142.2,143.61 2 0
github.com/0xERR0R/blocky/api/api_client.gen.go:143.61,145.3 1 0
github.com/0xERR0R/blocky/api/api_client.gen.go:146.2,146.25 1 0
github.com/0xERR0R/blocky/api/api_client.gen.go:149.105,151.16 2 0
github.com/0xERR0R/blocky/api/api_client.gen.go:151.16,153.3 1 0
github.com/0xERR0R/blocky/api/api_client.gen.go:154.2,155.61 2 0
github.com/0xERR0R/blocky/api/api_client.gen.go:155.61,157.3 1 0
github.com/0xERR0R/blocky/api/api_client.gen.go:158.2,158.25 1 0
github.com/0xERR0R/blocky/api/api_client.gen.go:161.106,163.16 2 0
github.com/0xERR0R/blocky/api/api_client.gen.go:163.16,165.3 1 0
github.com/0xERR0R/blocky/api/api_client.gen.go:166.2,167.61 2 0
github.com/0xERR0R/blocky/api/api_client.gen.go:167.61,169.3 1 0
github.com/0xERR0R/blocky/api/api_client.gen.go:170.2,170.25 1 0
github.com/0xERR0R/blocky/api/api_client.gen.go:173.144,175.16 2 0
github.com/0xERR0R/blocky/api/api_client.gen.go:175.16,177.3 1 0
github.com/0xERR0R/blocky/api/api_client.gen.go:178.2,179.61 2 0
github.com/0xERR0R/blocky/api/api_client.gen.go:179.61,181.3 1 0
github.com/0xERR0R/blocky/api/api_client.gen.go:182.2,182.25 1 0
github.com/0xERR0R/blocky/api/api_client.gen.go:185.127,187.16 2 0
github.com/0xERR0R/blocky/api/api_client.gen.go:187.16,189.3 1 0
github.com/0xERR0R/blocky/api/api_client.gen.go:190.2,191.61 2 0
github.com/0xERR0R/blocky/api/api_client.gen.go:191.61,193.3 1 0
github.com/0xERR0R/blocky/api/api_client.gen.go:194.2,194.25 1 0
github.com/0xERR0R/blocky/api/api_client.gen.go:198.101,202.16 3 0
github.com/0xERR0R/blocky/api/api_client.gen.go:202.16,204.3 1 0
github.com/0xERR0R/blocky/api/api_client.gen.go:206.2,207.29 2 0
github.com/0xERR0R/blocky/api/api_client.gen.go:207.29,209.3 1 0
github.com/0xERR0R/blocky/api/api_client.gen.go:211.2,212.16 2 0
github.com/0xERR0R/blocky/api/api_client.gen.go:212.16,214.3 1 0
github.com/0xERR0R/blocky/api/api_client.gen.go:216.2,216.19 1 0
github.com/0xERR0R/blocky/api/api_client.gen.go:216.19,219.29 2 0
github.com/0xERR0R/blocky/api/api_client.gen.go:219.29,221.140 1 0
github.com/0xERR0R/blocky/api/api_client.gen.go:221.140,223.5 1 0
github.com/0xERR0R/blocky/api/api_client.gen.go:223.10,223.67 1 0
github.com/0xERR0R/blocky/api/api_client.gen.go:223.67,225.5 1 0
github.com/0xERR0R/blocky/api/api_client.gen.go:225.10,226.30 1 0
github.com/0xERR0R/blocky/api/api_client.gen.go:226.30,227.27 1 0
github.com/0xERR0R/blocky/api/api_client.gen.go:227.27,229.7 1 0
github.com/0xERR0R/blocky/api/api_client.gen.go:235.3,235.27 1 0
github.com/0xERR0R/blocky/api/api_client.gen.go:235.27,237.136 1 0
github.com/0xERR0R/blocky/api/api_client.gen.go:237.136,239.5 1 0
github.com/0xERR0R/blocky/api/api_client.gen.go:239.10,239.67 1 0
github.com/0xERR0R/blocky/api/api_client.gen.go:239.67,241.5 1 0
github.com/0xERR0R/blocky/api/api_client.gen.go:241.10,242.30 1 0
github.com/0xERR0R/blocky/api/api_client.gen.go:242.30,243.27 1 0
github.com/0xERR0R/blocky/api/api_client.gen.go:243.27,245.7 1 0
github.com/0xERR0R/blocky/api/api_client.gen.go:251.3,251.43 1 0
github.com/0xERR0R/blocky/api/api_client.gen.go:254.2,255.16 2 0
github.com/0xERR0R/blocky/api/api_client.gen.go:255.16,257.3 1 0
github.com/0xERR0R/blocky/api/api_client.gen.go:259.2,259.17 1 0
github.com/0xERR0R/blocky/api/api_client.gen.go:263.69,267.16 3 0
github.com/0xERR0R/blocky/api/api_client.gen.go:267.16,269.3 1 0
github.com/0xERR0R/blocky/api/api_client.gen.go:271.2,272.29 2 0
github.com/0xERR0R/blocky/api/api_client.gen.go:272.29,274.3 1 0
github.com/0xERR0R/blocky/api/api_client.gen.go:276.2,277.16 2 0
github.com/0xERR0R/blocky/api/api_client.gen.go:277.16,279.3 1 0
github.com/0xERR0R/blocky/api/api_client.gen.go:281.2,282.16 2 0
github.com/0xERR0R/blocky/api/api_client.gen.go:282.16,284.3 1 0
github.com/0xERR0R/blocky/api/api_client.gen.go:286.2,286.17 1 0
github.com/0xERR0R/blocky/api/api_client.gen.go:290.69,294.16 3 0
github.com/0xERR0R/blocky/api/api_client.gen.go:294.16,296.3 1 0
github.com/0xERR0R/blocky/api/api_client.gen.go:298.2,299.29 2 0
github.com/0xERR0R/blocky/api/api_client.gen.go:299.29,301.3 1 0
github.com/0xERR0R/blocky/api/api_client.gen.go:303.2,304.16 2 0
github.com/0xERR0R/blocky/api/api_client.gen.go:304.16,306.3 1 0
github.com/0xERR0R/blocky/api/api_client.gen.go:308.2,309.16 2 0
github.com/0xERR0R/blocky/api/api_client.gen.go:309.16,311.3 1 0
github.com/0xERR0R/blocky/api/api_client.gen.go:313.2,313.17 1 0
github.com/0xERR0R/blocky/api/api_client.gen.go:317.65,321.16 3 0
github.com/0xERR0R/blocky/api/api_client.gen.go:321.16,323.3 1 0
github.com/0xERR0R/blocky/api/api_client.gen.go:325.2,326.29 2 0
github.com/0xERR0R/blocky/api/api_client.gen.go:326.29,328.3 1 0
github.com/0xERR0R/blocky/api/api_client.gen.go:330.2,331.16 2 0
github.com/0xERR0R/blocky/api/api_client.gen.go:331.16,333.3 1 0
github.com/0xERR0R/blocky/api/api_client.gen.go:335.2,336.16 2 0
github.com/0xERR0R/blocky/api/api_client.gen.go:336.16,338.3 1 0
github.com/0xERR0R/blocky/api/api_client.gen.go:340.2,340.17 1 0
github.com/0xERR0R/blocky/api/api_client.gen.go:344.66,348.16 3 0
github.com/0xERR0R/blocky/api/api_client.gen.go:348.16,350.3 1 0
github.com/0xERR0R/blocky/api/api_client.gen.go:352.2,353.29 2 0
github.com/0xERR0R/blocky/api/api_client.gen.go:353.29,355.3 1 0
github.com/0xERR0R/blocky/api/api_client.gen.go:357.2,358.16 2 0
github.com/0xERR0R/blocky/api/api_client.gen.go:358.16,360.3 1 0
github.com/0xERR0R/blocky/api/api_client.gen.go:362.2,363.16 2 0
github.com/0xERR0R/blocky/api/api_client.gen.go:363.16,365.3 1 0
github.com/0xERR0R/blocky/api/api_client.gen.go:367.2,367.17 1 0
github.com/0xERR0R/blocky/api/api_client.gen.go:371.87,374.16 3 0
github.com/0xERR0R/blocky/api/api_client.gen.go:374.16,376.3 1 0
github.com/0xERR0R/blocky/api/api_client.gen.go:377.2,378.72 2 0
github.com/0xERR0R/blocky/api/api_client.gen.go:382.104,386.16 3 0
github.com/0xERR0R/blocky/api/api_client.gen.go:386.16,388.3 1 0
github.com/0xERR0R/blocky/api/api_client.gen.go:390.2,391.29 2 0
github.com/0xERR0R/blocky/api/api_client.gen.go:391.29,393.3 1 0
github.com/0xERR0R/blocky/api/api_client.gen.go:395.2,396.16 2 0
github.com/0xERR0R/blocky/api/api_client.gen.go:396.16,398.3 1 0
github.com/0xERR0R/blocky/api/api_client.gen.go:400.2,401.16 2 0
github.com/0xERR0R/blocky/api/api_client.gen.go:401.16,403.3 1 0
github.com/0xERR0R/blocky/api/api_client.gen.go:405.2,407.17 2 0
github.com/0xERR0R/blocky/api/api_client.gen.go:410.114,411.37 1 0
github.com/0xERR0R/blocky/api/api_client.gen.go:411.37,412.37 1 0
github.com/0xERR0R/blocky/api/api_client.gen.go:412.37,414.4 1 0
github.com/0xERR0R/blocky/api/api_client.gen.go:416.2,416.38 1 0
github.com/0xERR0R/blocky/api/api_client.gen.go:416.38,417.37 1 0
github.com/0xERR0R/blocky/api/api_client.gen.go:417.37,419.4 1 0
github.com/0xERR0R/blocky/api/api_client.gen.go:421.2,421.12 1 0
github.com/0xERR0R/blocky/api/api_client.gen.go:431.96,433.16 2 0
github.com/0xERR0R/blocky/api/api_client.gen.go:433.16,435.3 1 0
github.com/0xERR0R/blocky/api/api_client.gen.go:436.2,436.42 1 0
github.com/0xERR0R/blocky/api/api_client.gen.go:440.47,441.31 1 0
github.com/0xERR0R/blocky/api/api_client.gen.go:441.31,443.17 2 0
github.com/0xERR0R/blocky/api/api_client.gen.go:443.17,445.4 1 0
github.com/0xERR0R/blocky/api/api_client.gen.go:446.3,447.13 2 0
github.com/0xERR0R/blocky/api/api_client.gen.go:480.50,481.27 1 0
github.com/0xERR0R/blocky/api/api_client.gen.go:481.27,483.3 1 0
github.com/0xERR0R/blocky/api/api_client.gen.go:484.2,484.27 1 0
github.com/0xERR0R/blocky/api/api_client.gen.go:488.51,489.27 1 0
github.com/0xERR0R/blocky/api/api_client.gen.go:489.27,491.3 1 0
github.com/0xERR0R/blocky/api/api_client.gen.go:492.2,492.10 1 0
github.com/0xERR0R/blocky/api/api_client.gen.go:501.49,502.27 1 0
github.com/0xERR0R/blocky/api/api_client.gen.go:502.27,504.3 1 0
github.com/0xERR0R/blocky/api/api_client.gen.go:505.2,505.27 1 0
github.com/0xERR0R/blocky/api/api_client.gen.go:509.50,510.27 1 0
github.com/0xERR0R/blocky/api/api_client.gen.go:510.27,512.3 1 0
github.com/0xERR0R/blocky/api/api_client.gen.go:513.2,513.10 1 0
github.com/0xERR0R/blocky/api/api_client.gen.go:523.49,524.27 1 0
github.com/0xERR0R/blocky/api/api_client.gen.go:524.27,526.3 1 0
github.com/0xERR0R/blocky/api/api_client.gen.go:527.2,527.27 1 0
github.com/0xERR0R/blocky/api/api_client.gen.go:531.50,532.27 1 0
github.com/0xERR0R/blocky/api/api_client.gen.go:532.27,534.3 1 0
github.com/0xERR0R/blocky/api/api_client.gen.go:535.2,535.10 1 0
github.com/0xERR0R/blocky/api/api_client.gen.go:544.45,545.27 1 0
github.com/0xERR0R/blocky/api/api_client.gen.go:545.27,547.3 1 0
github.com/0xERR0R/blocky/api/api_client.gen.go:548.2,548.27 1 0
github.com/0xERR0R/blocky/api/api_client.gen.go:552.46,553.27 1 0
github.com/0xERR0R/blocky/api/api_client.gen.go:553.27,555.3 1 0
github.com/0xERR0R/blocky/api/api_client.gen.go:556.2,556.10 1 0
github.com/0xERR0R/blocky/api/api_client.gen.go:565.46,566.27 1 0
github.com/0xERR0R/blocky/api/api_client.gen.go:566.27,568.3 1 0
github.com/0xERR0R/blocky/api/api_client.gen.go:569.2,569.27 1 0
github.com/0xERR0R/blocky/api/api_client.gen.go:573.47,574.27 1 0
github.com/0xERR0R/blocky/api/api_client.gen.go:574.27,576.3 1 0
github.com/0xERR0R/blocky/api/api_client.gen.go:577.2,577.10 1 0
github.com/0xERR0R/blocky/api/api_client.gen.go:587.40,588.27 1 0
github.com/0xERR0R/blocky/api/api_client.gen.go:588.27,590.3 1 0
github.com/0xERR0R/blocky/api/api_client.gen.go:591.2,591.27 1 0
github.com/0xERR0R/blocky/api/api_client.gen.go:595.41,596.27 1 0
github.com/0xERR0R/blocky/api/api_client.gen.go:596.27,598.3 1 0
github.com/0xERR0R/blocky/api/api_client.gen.go:599.2,599.10 1 0
github.com/0xERR0R/blocky/api/api_client.gen.go:603.176,605.16 2 0
github.com/0xERR0R/blocky/api/api_client.gen.go:605.16,607.3 1 0
github.com/0xERR0R/blocky/api/api_client.gen.go:608.2,608.42 1 0
github.com/0xERR0R/blocky/api/api_client.gen.go:612.143,614.16 2 0
github.com/0xERR0R/blocky/api/api_client.gen.go:614.16,616.3 1 0
github.com/0xERR0R/blocky/api/api_client.gen.go:617.2,617.41 1 0
github.com/0xERR0R/blocky/api/api_client.gen.go:621.143,623.16 2 0
github.com/0xERR0R/blocky/api/api_client.gen.go:623.16,625.3 1 0
github.com/0xERR0R/blocky/api/api_client.gen.go:626.2,626.41 1 0
github.com/0xERR0R/blocky/api/api_client.gen.go:630.135,632.16 2 0
github.com/0xERR0R/blocky/api/api_client.gen.go:632.16,634.3 1 0
github.com/0xERR0R/blocky/api/api_client.gen.go:635.2,635.37 1 0
github.com/0xERR0R/blocky/api/api_client.gen.go:639.137,641.16 2 0
github.com/0xERR0R/blocky/api/api_client.gen.go:641.16,643.3 1 0
github.com/0xERR0R/blocky/api/api_client.gen.go:644.2,644.38 1 0
github.com/0xERR0R/blocky/api/api_client.gen.go:648.169,650.16 2 0
github.com/0xERR0R/blocky/api/api_client.gen.go:650.16,652.3 1 0
github.com/0xERR0R/blocky/api/api_client.gen.go:653.2,653.32 1 0
github.com/0xERR0R/blocky/api/api_client.gen.go:656.152,658.16 2 0
github.com/0xERR0R/blocky/api/api_client.gen.go:658.16,660.3 1 0
github.com/0xERR0R/blocky/api/api_client.gen.go:661.2,661.32 1 0
github.com/0xERR0R/blocky/api/api_client.gen.go:665.89,667.15 2 0
github.com/0xERR0R/blocky/api/api_client.gen.go:667.15,667.39 1 0
github.com/0xERR0R/blocky/api/api_client.gen.go:668.2,668.16 1 0
github.com/0xERR0R/blocky/api/api_client.gen.go:668.16,670.3 1 0
github.com/0xERR0R/blocky/api/api_client.gen.go:672.2,677.22 2 0
github.com/0xERR0R/blocky/api/api_client.gen.go:681.87,683.15 2 0
github.com/0xERR0R/blocky/api/api_client.gen.go:683.15,683.39 1 0
github.com/0xERR0R/blocky/api/api_client.gen.go:684.2,684.16 1 0
github.com/0xERR0R/blocky/api/api_client.gen.go:684.16,686.3 1 0
github.com/0xERR0R/blocky/api/api_client.gen.go:688.2,693.22 2 0
github.com/0xERR0R/blocky/api/api_client.gen.go:697.87,699.15 2 0
github.com/0xERR0R/blocky/api/api_client.gen.go:699.15,699.39 1 0
github.com/0xERR0R/blocky/api/api_client.gen.go:700.2,700.16 1 0
github.com/0xERR0R/blocky/api/api_client.gen.go:700.16,702.3 1 0
github.com/0xERR0R/blocky/api/api_client.gen.go:704.2,709.9 2 0
github.com/0xERR0R/blocky/api/api_client.gen.go:710.89,712.58 2 0
github.com/0xERR0R/blocky/api/api_client.gen.go:712.58,714.4 1 0
github.com/0xERR0R/blocky/api/api_client.gen.go:715.3,715.27 1 0
github.com/0xERR0R/blocky/api/api_client.gen.go:719.2,719.22 1 0
github.com/0xERR0R/blocky/api/api_client.gen.go:723.79,725.15 2 0
github.com/0xERR0R/blocky/api/api_client.gen.go:725.15,725.39 1 0
github.com/0xERR0R/blocky/api/api_client.gen.go:726.2,726.16 1 0
github.com/0xERR0R/blocky/api/api_client.gen.go:726.16,728.3 1 0
github.com/0xERR0R/blocky/api/api_client.gen.go:730.2,735.22 2 0
github.com/0xERR0R/blocky/api/api_client.gen.go:739.81,741.15 2 0
github.com/0xERR0R/blocky/api/api_client.gen.go:741.15,741.39 1 0
github.com/0xERR0R/blocky/api/api_client.gen.go:742.2,742.16 1 0
github.com/0xERR0R/blocky/api/api_client.gen.go:742.16,744.3 1 0
github.com/0xERR0R/blocky/api/api_client.gen.go:746.2,751.22 2 0
github.com/0xERR0R/blocky/api/api_client.gen.go:755.69,757.15 2 0
github.com/0xERR0R/blocky/api/api_client.gen.go:757.15,757.39 1 0
github.com/0xERR0R/blocky/api/api_client.gen.go:758.2,758.16 1 0
github.com/0xERR0R/blocky/api/api_client.gen.go:758.16,760.3 1 0
github.com/0xERR0R/blocky/api/api_client.gen.go:762.2,767.9 2 0
github.com/0xERR0R/blocky/api/api_client.gen.go:768.89,770.58 2 0
github.com/0xERR0R/blocky/api/api_client.gen.go:770.58,772.4 1 0
github.com/0xERR0R/blocky/api/api_client.gen.go:773.3,773.27 1 0
github.com/0xERR0R/blocky/api/api_client.gen.go:777.2,777.22 1 0
github.com/0xERR0R/blocky/api/api_interface_impl.go:56.78,60.2 2 1
github.com/0xERR0R/blocky/api/api_interface_impl.go:62.100,63.114 1 1
github.com/0xERR0R/blocky/api/api_interface_impl.go:63.114,67.3 2 1
github.com/0xERR0R/blocky/api/api_interface_impl.go:81.25,88.2 1 1
github.com/0xERR0R/blocky/api/api_interface_impl.go:92.42,99.36 2 1
github.com/0xERR0R/blocky/api/api_interface_impl.go:99.36,101.17 2 1
github.com/0xERR0R/blocky/api/api_interface_impl.go:101.17,103.4 1 1
github.com/0xERR0R/blocky/api/api_interface_impl.go:106.2,106.69 1 1
github.com/0xERR0R/blocky/api/api_interface_impl.go:106.69,108.3 1 1
github.com/0xERR0R/blocky/api/api_interface_impl.go:110.2,111.16 2 1
github.com/0xERR0R/blocky/api/api_interface_impl.go:111.16,113.3 1 1
github.com/0xERR0R/blocky/api/api_interface_impl.go:115.2,115.42 1 1
github.com/0xERR0R/blocky/api/api_interface_impl.go:119.41,123.2 2 1
github.com/0xERR0R/blocky/api/api_interface_impl.go:126.41,133.34 3 1
github.com/0xERR0R/blocky/api/api_interface_impl.go:133.34,135.3 1 1
github.com/0xERR0R/blocky/api/api_interface_impl.go:137.2,137.38 1 1
github.com/0xERR0R/blocky/api/api_interface_impl.go:137.38,139.3 1 1
github.com/0xERR0R/blocky/api/api_interface_impl.go:141.2,141.51 1 1
github.com/0xERR0R/blocky/api/api_interface_impl.go:146.38,148.16 2 1
github.com/0xERR0R/blocky/api/api_interface_impl.go:148.16,150.3 1 1
github.com/0xERR0R/blocky/api/api_interface_impl.go:152.2,152.38 1 1
github.com/0xERR0R/blocky/api/api_interface_impl.go:155.116,157.37 2 1
github.com/0xERR0R/blocky/api/api_interface_impl.go:157.37,159.3 1 1
github.com/0xERR0R/blocky/api/api_interface_impl.go:161.2,167.8 3 1
github.com/0xERR0R/blocky/api/api_interface_impl.go:167.8,170.3 2 1
github.com/0xERR0R/blocky/api/api_interface_impl.go:172.2,173.16 2 1
github.com/0xERR0R/blocky/api/api_interface_impl.go:173.16,175.3 1 1
github.com/0xERR0R/blocky/api/api_interface_impl.go:177.2,182.9 1 1
github.com/0xERR0R/blocky/api/api_interface_impl.go:187.37,191.2 2 1
github.com/0xERR0R/blocky/api/api_server.gen.go:45.110,47.2 1 0
github.com/0xERR0R/blocky/api/api_server.gen.go:51.79,53.2 1 0
github.com/0xERR0R/blocky/api/api_server.gen.go:57.79,59.2 1 0
github.com/0xERR0R/blocky/api/api_server.gen.go:63.75,65.2 1 0
github.com/0xERR0R/blocky/api/api_server.gen.go:69.76,71.2 1 0
github.com/0xERR0R/blocky/api/api_server.gen.go:75.70,77.2 1 0
github.com/0xERR0R/blocky/api/api_server.gen.go:89.92,99.16 4 0
github.com/0xERR0R/blocky/api/api_server.gen.go:99.16,102.3 2 0
github.com/0xERR0R/blocky/api/api_server.gen.go:106.2,107.16 2 0
github.com/0xERR0R/blocky/api/api_server.gen.go:107.16,110.3 2 0
github.com/0xERR0R/blocky/api/api_server.gen.go:112.2,112.88 1 0
github.com/0xERR0R/blocky/api/api_server.gen.go:112.88,114.3 1 0
github.com/0xERR0R/blocky/api/api_server.gen.go:116.2,116.52 1 0
github.com/0xERR0R/blocky/api/api_server.gen.go:116.52,118.3 1 0
github.com/0xERR0R/blocky/api/api_server.gen.go:120.2,120.25 1 0
github.com/0xERR0R/blocky/api/api_server.gen.go:124.91,126.88 1 0
github.com/0xERR0R/blocky/api/api_server.gen.go:126.88,128.3 1 0
github.com/0xERR0R/blocky/api/api_server.gen.go:130.2,130.52 1 0
github.com/0xERR0R/blocky/api/api_server.gen.go:130.52,132.3 1 0
github.com/0xERR0R/blocky/api/api_server.gen.go:134.2,134.25 1 0
github.com/0xERR0R/blocky/api/api_server.gen.go:138.91,140.88 1 0
github.com/0xERR0R/blocky/api/api_server.gen.go:140.88,142.3 1 0
github.com/0xERR0R/blocky/api/api_server.gen.go:144.2,144.52 1 0
github.com/0xERR0R/blocky/api/api_server.gen.go:144.52,146.3 1 0
github.com/0xERR0R/blocky/api/api_server.gen.go:148.2,148.25 1 0
github.com/0xERR0R/blocky/api/api_server.gen.go:152.87,154.88 1 0
github.com/0xERR0R/blocky/api/api_server.gen.go:154.88,156.3 1 0
github.com/0xERR0R/blocky/api/api_server.gen.go:158.2,158.52 1 0
github.com/0xERR0R/blocky/api/api_server.gen.go:158.52,160.3 1 0
github.com/0xERR0R/blocky/api/api_server.gen.go:162.2,162.25 1 0
github.com/0xERR0R/blocky/api/api_server.gen.go:166.88,168.88 1 0
github.com/0xERR0R/blocky/api/api_server.gen.go:168.88,170.3 1 0
github.com/0xERR0R/blocky/api/api_server.gen.go:172.2,172.52 1 0
github.com/0xERR0R/blocky/api/api_server.gen.go:172.52,174.3 1 0
github.com/0xERR0R/blocky/api/api_server.gen.go:176.2,176.25 1 0
github.com/0xERR0R/blocky/api/api_server.gen.go:180.82,182.88 1 0
github.com/0xERR0R/blocky/api/api_server.gen.go:182.88,184.3 1 0
github.com/0xERR0R/blocky/api/api_server.gen.go:186.2,186.52 1 0
github.com/0xERR0R/blocky/api/api_server.gen.go:186.52,188.3 1 0
github.com/0xERR0R/blocky/api/api_server.gen.go:190.2,190.25 1 0
github.com/0xERR0R/blocky/api/api_server.gen.go:198.52,200.2 1 0
github.com/0xERR0R/blocky/api/api_server.gen.go:202.52,204.2 1 0
github.com/0xERR0R/blocky/api/api_server.gen.go:211.49,213.2 1 0
github.com/0xERR0R/blocky/api/api_server.gen.go:215.49,217.2 1 0
github.com/0xERR0R/blocky/api/api_server.gen.go:223.45,225.2 1 0
github.com/0xERR0R/blocky/api/api_server.gen.go:232.46,234.2 1 0
github.com/0xERR0R/blocky/api/api_server.gen.go:236.46,238.2 1 0
github.com/0xERR0R/blocky/api/api_server.gen.go:245.50,247.2 1 0
github.com/0xERR0R/blocky/api/api_server.gen.go:249.50,251.2 1 0
github.com/0xERR0R/blocky/api/api_server.gen.go:258.53,260.2 1 0
github.com/0xERR0R/blocky/api/api_server.gen.go:263.47,265.2 1 0
github.com/0xERR0R/blocky/api/api_server.gen.go:275.68,279.2 1 0
github.com/0xERR0R/blocky/api/api_server.gen.go:281.95,286.2 1 1
github.com/0xERR0R/blocky/api/api_server.gen.go:289.84,292.14 2 1
github.com/0xERR0R/blocky/api/api_server.gen.go:292.14,294.3 1 0
github.com/0xERR0R/blocky/api/api_server.gen.go:295.2,295.37 1 1
github.com/0xERR0R/blocky/api/api_server.gen.go:295.37,296.86 1 1
github.com/0xERR0R/blocky/api/api_server.gen.go:296.86,298.4 1 0
github.com/0xERR0R/blocky/api/api_server.gen.go:300.2,306.29 2 1
github.com/0xERR0R/blocky/api/api_server.gen.go:306.29,308.3 1 1
github.com/0xERR0R/blocky/api/api_server.gen.go:309.2,309.29 1 1
github.com/0xERR0R/blocky/api/api_server.gen.go:309.29,311.3 1 1
github.com/0xERR0R/blocky/api/api_server.gen.go:312.2,312.29 1 1
github.com/0xERR0R/blocky/api/api_server.gen.go:312.29,314.3 1 1
github.com/0xERR0R/blocky/api/api_server.gen.go:315.2,315.29 1 1
github.com/0xERR0R/blocky/api/api_server.gen.go:315.29,317.3 1 1
github.com/0xERR0R/blocky/api/api_server.gen.go:318.2,318.29 1 1
github.com/0xERR0R/blocky/api/api_server.gen.go:318.29,320.3 1 1
github.com/0xERR0R/blocky/api/api_server.gen.go:321.2,321.29 1 1
github.com/0xERR0R/blocky/api/api_server.gen.go:321.29,323.3 1 1
github.com/0xERR0R/blocky/api/api_server.gen.go:325.2,325.10 1 1
github.com/0xERR0R/blocky/api/api_server.gen.go:339.102,342.2 2 0
github.com/0xERR0R/blocky/api/api_server.gen.go:346.106,352.2 4 0
github.com/0xERR0R/blocky/api/api_server.gen.go:364.100,367.2 2 0
github.com/0xERR0R/blocky/api/api_server.gen.go:378.104,383.2 3 0
github.com/0xERR0R/blocky/api/api_server.gen.go:395.92,398.2 2 0
github.com/0xERR0R/blocky/api/api_server.gen.go:410.94,413.2 2 0
github.com/0xERR0R/blocky/api/api_server.gen.go:417.98,423.2 4 0
github.com/0xERR0R/blocky/api/api_server.gen.go:435.86,440.2 3 0
github.com/0xERR0R/blocky/api/api_server.gen.go:444.86,450.2 4 0
github.com/0xERR0R/blocky/api/api_server.gen.go:482.102,484.84 1 1
github.com/0xERR0R/blocky/api/api_server.gen.go:484.84,486.4 1 0
github.com/0xERR0R/blocky/api/api_server.gen.go:487.85,489.4 1 0
github.com/0xERR0R/blocky/api/api_server.gen.go:493.146,495.2 1 0
github.com/0xERR0R/blocky/api/api_server.gen.go:504.112,509.121 3 0
github.com/0xERR0R/blocky/api/api_server.gen.go:509.121,511.3 1 0
github.com/0xERR0R/blocky/api/api_server.gen.go:512.2,512.44 1 0
github.com/0xERR0R/blocky/api/api_server.gen.go:512.44,514.3 1 0
github.com/0xERR0R/blocky/api/api_server.gen.go:516.2,518.16 2 0
github.com/0xERR0R/blocky/api/api_server.gen.go:518.16,520.3 1 0
github.com/0xERR0R/blocky/api/api_server.gen.go:520.8,520.78 1 0
github.com/0xERR0R/blocky/api/api_server.gen.go:520.78,521.71 1 0
github.com/0xERR0R/blocky/api/api_server.gen.go:521.71,523.4 1 0
github.com/0xERR0R/blocky/api/api_server.gen.go:524.8,524.28 1 0
github.com/0xERR0R/blocky/api/api_server.gen.go:524.28,526.3 1 0
github.com/0xERR0R/blocky/api/api_server.gen.go:530.81,533.121 2 0
github.com/0xERR0R/blocky/api/api_server.gen.go:533.121,535.3 1 0
github.com/0xERR0R/blocky/api/api_server.gen.go:536.2,536.44 1 0
github.com/0xERR0R/blocky/api/api_server.gen.go:536.44,538.3 1 0
github.com/0xERR0R/blocky/api/api_server.gen.go:540.2,542.16 2 0
github.com/0xERR0R/blocky/api/api_server.gen.go:542.16,544.3 1 0
github.com/0xERR0R/blocky/api/api_server.gen.go:544.8,544.77 1 0
github.com/0xERR0R/blocky/api/api_server.gen.go:544.77,545.70 1 0
github.com/0xERR0R/blocky/api/api_server.gen.go:545.70,547.4 1 0
github.com/0xERR0R/blocky/api/api_server.gen.go:548.8,548.28 1 0
github.com/0xERR0R/blocky/api/api_server.gen.go:548.28,550.3 1 0
github.com/0xERR0R/blocky/api/api_server.gen.go:554.81,557.121 2 0
github.com/0xERR0R/blocky/api/api_server.gen.go:557.121,559.3 1 0
github.com/0xERR0R/blocky/api/api_server.gen.go:560.2,560.44 1 0
github.com/0xERR0R/blocky/api/api_server.gen.go:560.44,562.3 1 0
github.com/0xERR0R/blocky/api/api_server.gen.go:564.2,566.16 2 0
github.com/0xERR0R/blocky/api/api_server.gen.go:566.16,568.3 1 0
github.com/0xERR0R/blocky/api/api_server.gen.go:568.8,568.77 1 0
github.com/0xERR0R/blocky/api/api_server.gen.go:568.77,569.70 1 0
github.com/0xERR0R/blocky/api/api_server.gen.go:569.70,571.4 1 0
github.com/0xERR0R/blocky/api/api_server.gen.go:572.8,572.28 1 0
github.com/0xERR0R/blocky/api/api_server.gen.go:572.28,574.3 1 0
github.com/0xERR0R/blocky/api/api_server.gen.go:578.77,581.121 2 0
github.com/0xERR0R/blocky/api/api_server.gen.go:581.121,583.3 1 0
github.com/0xERR0R/blocky/api/api_server.gen.go:584.2,584.44 1 0
github.com/0xERR0R/blocky/api/api_server.gen.go:584.44,586.3 1 0
github.com/0xERR0R/blocky/api/api_server.gen.go:588.2,590.16 2 0
github.com/0xERR0R/blocky/api/api_server.gen.go:590.16,592.3 1 0
github.com/0xERR0R/blocky/api/api_server.gen.go:592.8,592.73 1 0
github.com/0xERR0R/blocky/api/api_server.gen.go:592.73,593.66 1 0
github.com/0xERR0R/blocky/api/api_server.gen.go:593.66,595.4 1 0
github.com/0xERR0R/blocky/api/api_server.gen.go:596.8,596.28 1 0
github.com/0xERR0R/blocky/api/api_server.gen.go:596.28,598.3 1 0
github.com/0xERR0R/blocky/api/api_server.gen.go:602.78,605.121 2 0
github.com/0xERR0R/blocky/api/api_server.gen.go:605.121,607.3 1 0
github.com/0xERR0R/blocky/api/api_server.gen.go:608.2,608.44 1 0
github.com/0xERR0R/blocky/api/api_server.gen.go:608.44,610.3 1 0
github.com/0xERR0R/blocky/api/api_server.gen.go:612.2,614.16 2 0
github.com/0xERR0R/blocky/api/api_server.gen.go:614.16,616.3 1 0
github.com/0xERR0R/blocky/api/api_server.gen.go:616.8,616.74 1 0
github.com/0xERR0R/blocky/api/api_server.gen.go:616.74,617.67 1 0
github.com/0xERR0R/blocky/api/api_server.gen.go:617.67,619.4 1 0
github.com/0xERR0R/blocky/api/api_server.gen.go:620.8,620.28 1 0
github.com/0xERR0R/blocky/api/api_server.gen.go:620.28,622.3 1 0
github.com/0xERR0R/blocky/api/api_server.gen.go:626.72,630.62 3 0
github.com/0xERR0R/blocky/api/api_server.gen.go:630.62,633.3 2 0
github.com/0xERR0R/blocky/api/api_server.gen.go:634.2,636.121 2 0
github.com/0xERR0R/blocky/api/api_server.gen.go:636.121,638.3 1 0
github.com/0xERR0R/blocky/api/api_server.gen.go:639.2,639.44 1 0
github.com/0xERR0R/blocky/api/api_server.gen.go:639.44,641.3 1 0
github.com/0xERR0R/blocky/api/api_server.gen.go:643.2,645.16 2 0
github.com/0xERR0R/blocky/api/api_server.gen.go:645.16,647.3 1 0
github.com/0xERR0R/blocky/api/api_server.gen.go:647.8,647.68 1 0
github.com/0xERR0R/blocky/api/api_server.gen.go:647.68,648.61 1 0
github.com/0xERR0R/blocky/api/api_server.gen.go:648.61,650.4 1 0
github.com/0xERR0R/blocky/api/api_server.gen.go:651.8,651.28 1 0
github.com/0xERR0R/blocky/api/api_server.gen.go:651.28,653.3 1 0
github.com/0xERR0R/blocky/main.go:9.13,12.2 2 0
github.com/0xERR0R/blocky/main_static.go:16.13,22.2 2 0
github.com/0xERR0R/blocky/main_static.go:26.21,28.58 1 0
github.com/0xERR0R/blocky/main_static.go:28.58,29.64 1 0
github.com/0xERR0R/blocky/main_static.go:29.64,33.4 2 0
github.com/0xERR0R/blocky/main_static.go:37.2,37.37 1 0
github.com/0xERR0R/blocky/main_static.go:37.37,38.50 1 0
github.com/0xERR0R/blocky/main_static.go:38.50,42.4 2 0
github.com/0xERR0R/blocky/cache/mocks.go:18.26,22.19 3 0
github.com/0xERR0R/blocky/cache/mocks.go:22.19,22.49 1 0
github.com/0xERR0R/blocky/cache/mocks.go:24.2,24.13 1 0
github.com/0xERR0R/blocky/cache/mocks.go:36.73,38.2 1 0
github.com/0xERR0R/blocky/cache/mocks.go:41.44,44.2 2 0
github.com/0xERR0R/blocky/cache/mocks.go:52.83,54.2 1 0
github.com/0xERR0R/blocky/cache/mocks.go:56.93,57.40 1 0
github.com/0xERR0R/blocky/cache/mocks.go:57.40,59.3 1 0
github.com/0xERR0R/blocky/cache/mocks.go:60.2,60.11 1 0
github.com/0xERR0R/blocky/cache/mocks.go:63.86,66.2 2 0
github.com/0xERR0R/blocky/cache/mocks.go:68.102,71.2 2 0
github.com/0xERR0R/blocky/cache/mocks.go:74.72,77.19 2 0
github.com/0xERR0R/blocky/cache/mocks.go:77.19,78.45 1 0
github.com/0xERR0R/blocky/cache/mocks.go:81.2,83.73 3 0
github.com/0xERR0R/blocky/cache/mocks.go:83.73,85.3 1 0
github.com/0xERR0R/blocky/cache/mocks.go:86.2,86.56 1 0
github.com/0xERR0R/blocky/cache/mocks.go:86.56,88.3 1 0
github.com/0xERR0R/blocky/cache/mocks.go:88.8,89.24 1 0
github.com/0xERR0R/blocky/cache/mocks.go:89.24,91.4 1 0
github.com/0xERR0R/blocky/cache/mocks.go:93.2,93.67 1 0
github.com/0xERR0R/blocky/cache/mocks.go:93.67,95.3 1 0
github.com/0xERR0R/blocky/cache/mocks.go:95.8,97.3 1 0
github.com/0xERR0R/blocky/cache/mocks.go:98.2,98.15 1 0
github.com/0xERR0R/blocky/cache/mocks.go:108.94,110.2 1 0
github.com/0xERR0R/blocky/cache/mocks.go:112.99,113.40 1 0
github.com/0xERR0R/blocky/cache/mocks.go:113.40,115.21 2 0
github.com/0xERR0R/blocky/cache/mocks.go:115.21,117.4 1 0
github.com/0xERR0R/blocky/cache/mocks.go:118.3,120.4 1 0
github.com/0xERR0R/blocky/cache/mocks.go:122.2,122.11 1 0
github.com/0xERR0R/blocky/cache/mocks.go:125.114,128.2 2 0
github.com/0xERR0R/blocky/cache/mocks.go:130.128,133.2 2 0
github.com/0xERR0R/blocky/cache/mocks.go:136.86,139.2 2 0
github.com/0xERR0R/blocky/cache/mocks.go:150.135,152.2 1 0
github.com/0xERR0R/blocky/cache/mocks.go:154.133,155.40 1 0
github.com/0xERR0R/blocky/cache/mocks.go:155.40,157.21 2 0
github.com/0xERR0R/blocky/cache/mocks.go:157.21,159.4 1 0
github.com/0xERR0R/blocky/cache/mocks.go:160.3,161.21 2 0
github.com/0xERR0R/blocky/cache/mocks.go:161.21,163.4 1 0
github.com/0xERR0R/blocky/cache/mocks.go:164.3,165.21 2 0
github.com/0xERR0R/blocky/cache/mocks.go:165.21,167.4 1 0
github.com/0xERR0R/blocky/cache/mocks.go:168.3,172.4 1 0
github.com/0xERR0R/blocky/cache/mocks.go:174.2,174.11 1 0
github.com/0xERR0R/blocky/cache/mocks.go:177.82,180.2 2 0
github.com/0xERR0R/blocky/cache/mocks.go:182.142,185.2 2 0
github.com/0xERR0R/blocky/cache/mocks.go:188.53,191.19 2 0
github.com/0xERR0R/blocky/cache/mocks.go:191.19,192.52 1 0
github.com/0xERR0R/blocky/cache/mocks.go:195.2,196.51 2 0
github.com/0xERR0R/blocky/cache/mocks.go:196.51,198.3 1 0
github.com/0xERR0R/blocky/cache/mocks.go:198.8,200.3 1 0
github.com/0xERR0R/blocky/cache/mocks.go:201.2,201.11 1 0
github.com/0xERR0R/blocky/cache/mocks.go:210.93,212.2 1 0
github.com/0xERR0R/blocky/cache/mocks.go:214.103,215.40 1 0
github.com/0xERR0R/blocky/cache/mocks.go:215.40,217.3 1 0
github.com/0xERR0R/blocky/cache/mocks.go:218.2,218.11 1 0
github.com/0xERR0R/blocky/cache/mocks.go:221.101,224.2 2 0
github.com/0xERR0R/blocky/cache/mocks.go:226.116,229.2 2 0
github.com/0xERR0R/blocky/cache/prefetching/prefetching_cache.go:48.117,65.2 3 1
github.com/0xERR0R/blocky/cache/prefetching/prefetching_cache.go:68.79,69.30 1 1
github.com/0xERR0R/blocky/cache/prefetching/prefetching_cache.go:69.30,71.3 1 1
github.com/0xERR0R/blocky/cache/prefetching/prefetching_cache.go:73.2,75.69 2 1
github.com/0xERR0R/blocky/cache/prefetching/prefetching_cache.go:80.43,81.32 1 1
github.com/0xERR0R/blocky/cache/prefetching/prefetching_cache.go:81.32,83.23 2 1
github.com/0xERR0R/blocky/cache/prefetching/prefetching_cache.go:83.23,84.40 1 1
github.com/0xERR0R/blocky/cache/prefetching/prefetching_cache.go:84.40,86.5 1 1
github.com/0xERR0R/blocky/cache/prefetching/prefetching_cache.go:88.4,88.47 1 1
github.com/0xERR0R/blocky/cache/prefetching/prefetching_cache.go:92.2,92.15 1 1
github.com/0xERR0R/blocky/cache/prefetching/prefetching_cache.go:95.83,97.59 2 1
github.com/0xERR0R/blocky/cache/prefetching/prefetching_cache.go:97.59,99.3 1 1
github.com/0xERR0R/blocky/cache/prefetching/prefetching_cache.go:101.2,102.60 2 1
github.com/0xERR0R/blocky/cache/prefetching/prefetching_cache.go:105.92,107.2 1 1
github.com/0xERR0R/blocky/cache/prefetching/prefetching_cache.go:110.93,115.16 3 1
github.com/0xERR0R/blocky/cache/prefetching/prefetching_cache.go:115.16,117.3 1 1
github.com/0xERR0R/blocky/cache/prefetching/prefetching_cache.go:119.2,119.49 1 1
github.com/0xERR0R/blocky/cache/prefetching/prefetching_cache.go:119.49,122.3 1 1
github.com/0xERR0R/blocky/cache/prefetching/prefetching_cache.go:124.2,124.25 1 1
github.com/0xERR0R/blocky/cache/prefetching/prefetching_cache.go:128.59,130.2 1 1
github.com/0xERR0R/blocky/cache/prefetching/prefetching_cache.go:133.50,136.2 2 1
github.com/0xERR0R/blocky/lists/parsers/adapt.go:9.90,10.53 1 1
github.com/0xERR0R/blocky/lists/parsers/adapt.go:10.53,12.3 1 1
github.com/0xERR0R/blocky/lists/parsers/adapt.go:16.102,18.2 1 1
github.com/0xERR0R/blocky/lists/parsers/adapt.go:24.21,25.54 1 1
github.com/0xERR0R/blocky/lists/parsers/adapt.go:25.54,29.17 3 1
github.com/0xERR0R/blocky/lists/parsers/adapt.go:29.17,31.4 1 1
github.com/0xERR0R/blocky/lists/parsers/adapt.go:33.3,33.18 1 1
github.com/0xERR0R/blocky/lists/parsers/adapt.go:42.104,44.2 1 1
github.com/0xERR0R/blocky/lists/parsers/adapt.go:46.47,48.2 1 1
github.com/0xERR0R/blocky/lists/parsers/adapt.go:50.67,52.16 2 1
github.com/0xERR0R/blocky/lists/parsers/adapt.go:52.16,56.3 2 1
github.com/0xERR0R/blocky/lists/parsers/adapt.go:58.2,59.16 2 1
github.com/0xERR0R/blocky/lists/parsers/adapt.go:59.16,63.3 2 1
github.com/0xERR0R/blocky/lists/parsers/adapt.go:65.2,65.17 1 1
github.com/0xERR0R/blocky/lists/parsers/filtererrors.go:24.99,26.2 1 1
github.com/0xERR0R/blocky/lists/parsers/filtererrors.go:31.79,32.23 1 1
github.com/0xERR0R/blocky/lists/parsers/filtererrors.go:32.23,33.48 1 1
github.com/0xERR0R/blocky/lists/parsers/filtererrors.go:33.48,33.62 1 1
github.com/0xERR0R/blocky/lists/parsers/filtererrors.go:36.2,38.51 2 1
github.com/0xERR0R/blocky/lists/parsers/filtererrors.go:38.51,41.16 2 1
github.com/0xERR0R/blocky/lists/parsers/filtererrors.go:41.16,43.4 1 1
github.com/0xERR0R/blocky/lists/parsers/filtererrors.go:45.3,45.13 1 1
github.com/0xERR0R/blocky/lists/parsers/filtererrors.go:54.101,56.2 1 1
github.com/0xERR0R/blocky/lists/parsers/filtererrors.go:58.54,61.35 2 1
github.com/0xERR0R/blocky/lists/parsers/filtererrors.go:61.35,65.3 2 1
github.com/0xERR0R/blocky/lists/parsers/filtererrors.go:68.44,70.2 1 1
github.com/0xERR0R/blocky/lists/parsers/filtererrors.go:72.63,75.6 2 1
github.com/0xERR0R/blocky/lists/parsers/filtererrors.go:75.6,77.17 2 1
github.com/0xERR0R/blocky/lists/parsers/filtererrors.go:77.17,78.30 1 1
github.com/0xERR0R/blocky/lists/parsers/filtererrors.go:78.30,81.5 1 1
github.com/0xERR0R/blocky/lists/parsers/filtererrors.go:83.4,84.18 2 1
github.com/0xERR0R/blocky/lists/parsers/filtererrors.go:84.18,86.5 1 1
github.com/0xERR0R/blocky/lists/parsers/filtererrors.go:88.4,88.12 1 1
github.com/0xERR0R/blocky/lists/parsers/filtererrors.go:91.3,91.18 1 1
github.com/0xERR0R/blocky/lists/parsers/hosts.go:37.54,39.2 1 1
github.com/0xERR0R/blocky/lists/parsers/hosts.go:51.68,53.2 1 1
github.com/0xERR0R/blocky/lists/parsers/hosts.go:55.58,64.32 3 1
github.com/0xERR0R/blocky/lists/parsers/hosts.go:64.32,66.17 2 1
github.com/0xERR0R/blocky/lists/parsers/hosts.go:66.17,69.12 2 1
github.com/0xERR0R/blocky/lists/parsers/hosts.go:72.3,74.13 2 1
github.com/0xERR0R/blocky/lists/parsers/hosts.go:77.2,78.20 2 1
github.com/0xERR0R/blocky/lists/parsers/hosts.go:78.20,80.3 1 1
github.com/0xERR0R/blocky/lists/parsers/hosts.go:82.2,82.12 1 0
github.com/0xERR0R/blocky/lists/parsers/hosts.go:88.57,90.2 1 1
github.com/0xERR0R/blocky/lists/parsers/hosts.go:95.40,97.2 1 1
github.com/0xERR0R/blocky/lists/parsers/hosts.go:102.58,111.16 6 1
github.com/0xERR0R/blocky/lists/parsers/hosts.go:111.16,113.3 1 1
github.com/0xERR0R/blocky/lists/parsers/hosts.go:115.2,115.20 1 1
github.com/0xERR0R/blocky/lists/parsers/hosts.go:115.20,117.3 1 1
github.com/0xERR0R/blocky/lists/parsers/hosts.go:119.2,121.12 2 1
github.com/0xERR0R/blocky/lists/parsers/hosts.go:124.71,126.2 1 1
github.com/0xERR0R/blocky/lists/parsers/hosts.go:131.59,133.2 1 1
github.com/0xERR0R/blocky/lists/parsers/hosts.go:146.59,157.53 6 1
github.com/0xERR0R/blocky/lists/parsers/hosts.go:157.53,161.3 2 1
github.com/0xERR0R/blocky/lists/parsers/hosts.go:163.2,164.15 2 1
github.com/0xERR0R/blocky/lists/parsers/hosts.go:164.15,166.3 1 1
github.com/0xERR0R/blocky/lists/parsers/hosts.go:168.2,170.21 2 1
github.com/0xERR0R/blocky/lists/parsers/hosts.go:170.21,173.50 2 1
github.com/0xERR0R/blocky/lists/parsers/hosts.go:173.50,175.4 1 1
github.com/0xERR0R/blocky/lists/parsers/hosts.go:177.3,177.30 1 1
github.com/0xERR0R/blocky/lists/parsers/hosts.go:180.2,180.21 1 1
github.com/0xERR0R/blocky/lists/parsers/hosts.go:180.21,182.3 1 1
github.com/0xERR0R/blocky/lists/parsers/hosts.go:184.2,191.12 2 1
github.com/0xERR0R/blocky/lists/parsers/hosts.go:194.72,196.16 2 1
github.com/0xERR0R/blocky/lists/parsers/hosts.go:196.16,198.3 1 1
github.com/0xERR0R/blocky/lists/parsers/hosts.go:200.2,200.34 1 1
github.com/0xERR0R/blocky/lists/parsers/hosts.go:200.34,202.17 2 1
github.com/0xERR0R/blocky/lists/parsers/hosts.go:202.17,204.4 1 1
github.com/0xERR0R/blocky/lists/parsers/hosts.go:207.2,207.12 1 1
github.com/0xERR0R/blocky/lists/parsers/hosts.go:213.40,215.2 1 1
github.com/0xERR0R/blocky/lists/parsers/hosts.go:220.58,228.70 5 1
github.com/0xERR0R/blocky/lists/parsers/hosts.go:228.70,230.3 1 1
github.com/0xERR0R/blocky/lists/parsers/hosts.go:232.2,234.12 2 1
github.com/0xERR0R/blocky/lists/parsers/hosts.go:237.71,239.2 1 1
github.com/0xERR0R/blocky/lists/parsers/hosts.go:241.59,254.20 6 1
github.com/0xERR0R/blocky/lists/parsers/hosts.go:254.20,256.40 2 1
github.com/0xERR0R/blocky/lists/parsers/hosts.go:256.40,258.18 2 1
github.com/0xERR0R/blocky/lists/parsers/hosts.go:258.18,260.5 1 1
github.com/0xERR0R/blocky/lists/parsers/hosts.go:264.2,264.53 1 1
github.com/0xERR0R/blocky/lists/parsers/hosts.go:264.53,266.3 1 1
github.com/0xERR0R/blocky/lists/parsers/hosts.go:268.2,268.18 1 1
github.com/0xERR0R/blocky/lists/parsers/hosts.go:271.44,272.37 1 1
github.com/0xERR0R/blocky/lists/parsers/hosts.go:272.37,274.3 1 1
github.com/0xERR0R/blocky/lists/parsers/hosts.go:276.2,276.39 1 1
github.com/0xERR0R/blocky/lists/parsers/hosts.go:276.39,278.3 1 1
github.com/0xERR0R/blocky/lists/parsers/hosts.go:280.2,280.52 1 1
github.com/0xERR0R/blocky/lists/parsers/hosts.go:283.32,285.2 1 1
github.com/0xERR0R/blocky/lists/parsers/hosts.go:287.48,288.30 1 1
github.com/0xERR0R/blocky/lists/parsers/hosts.go:288.30,290.3 1 1
github.com/0xERR0R/blocky/lists/parsers/hosts.go:292.2,292.19 1 1
github.com/0xERR0R/blocky/lists/parsers/hosts.go:292.19,293.49 1 1
github.com/0xERR0R/blocky/lists/parsers/hosts.go:293.49,295.4 1 0
github.com/0xERR0R/blocky/lists/parsers/hosts.go:297.3,297.13 1 1
github.com/0xERR0R/blocky/lists/parsers/hosts.go:300.2,300.33 1 1
github.com/0xERR0R/blocky/lists/parsers/lines.go:16.46,18.2 1 1
github.com/0xERR0R/blocky/lists/parsers/lines.go:21.76,23.2 1 1
github.com/0xERR0R/blocky/lists/parsers/lines.go:26.97,27.41 1 1
github.com/0xERR0R/blocky/lists/parsers/lines.go:27.41,29.3 1 1
github.com/0xERR0R/blocky/lists/parsers/lines.go:31.2,31.72 1 1
github.com/0xERR0R/blocky/lists/parsers/lines.go:44.49,49.2 3 1
github.com/0xERR0R/blocky/lists/parsers/lines.go:51.35,53.2 1 1
github.com/0xERR0R/blocky/lists/parsers/lines.go:55.59,56.6 1 1
github.com/0xERR0R/blocky/lists/parsers/lines.go:56.6,59.35 2 1
github.com/0xERR0R/blocky/lists/parsers/lines.go:59.35,61.4 1 1
github.com/0xERR0R/blocky/lists/parsers/lines.go:63.3,63.24 1 1
github.com/0xERR0R/blocky/lists/parsers/lines.go:63.24,64.9 1 1
github.com/0xERR0R/blocky/lists/parsers/lines.go:67.3,69.21 2 1
github.com/0xERR0R/blocky/lists/parsers/lines.go:69.21,70.12 1 1
github.com/0xERR0R/blocky/lists/parsers/lines.go:73.3,73.93 1 1
github.com/0xERR0R/blocky/lists/parsers/lines.go:73.93,74.12 1 1
github.com/0xERR0R/blocky/lists/parsers/lines.go:77.3,77.53 1 1
github.com/0xERR0R/blocky/lists/parsers/lines.go:77.53,78.16 1 1
github.com/0xERR0R/blocky/lists/parsers/lines.go:78.16,79.13 1 1
github.com/0xERR0R/blocky/lists/parsers/lines.go:83.4,84.55 2 1
github.com/0xERR0R/blocky/lists/parsers/lines.go:87.3,87.19 1 1
github.com/0xERR0R/blocky/lists/parsers/lines.go:90.2,91.16 2 1
github.com/0xERR0R/blocky/lists/parsers/lines.go:91.16,94.3 1 1
github.com/0xERR0R/blocky/lists/parsers/lines.go:96.2,96.41 1 1
github.com/0xERR0R/blocky/lists/parsers/parser.go:35.103,36.15 1 1
github.com/0xERR0R/blocky/lists/parsers/parser.go:36.15,38.3 1 1
github.com/0xERR0R/blocky/lists/parsers/parser.go:40.2,40.6 1 1
github.com/0xERR0R/blocky/lists/parsers/parser.go:40.6,41.35 1 1
github.com/0xERR0R/blocky/lists/parsers/parser.go:41.35,43.4 1 1
github.com/0xERR0R/blocky/lists/parsers/parser.go:45.3,46.17 2 1
github.com/0xERR0R/blocky/lists/parsers/parser.go:46.17,47.30 1 1
github.com/0xERR0R/blocky/lists/parsers/parser.go:47.30,49.5 1 1
github.com/0xERR0R/blocky/lists/parsers/parser.go:51.4,51.69 1 1
github.com/0xERR0R/blocky/lists/parsers/parser.go:54.3,55.17 2 1
github.com/0xERR0R/blocky/lists/parsers/parser.go:55.17,57.4 1 1
github.com/0xERR0R/blocky/lists/parsers/parser.go:62.70,63.16 1 1
github.com/0xERR0R/blocky/lists/parsers/parser.go:63.16,65.3 1 1
github.com/0xERR0R/blocky/lists/parsers/parser.go:67.2,67.53 1 1
github.com/0xERR0R/blocky/lists/parsers/parser.go:71.40,75.2 2 1
github.com/0xERR0R/blocky/lists/parsers/parser.go:83.46,85.2 1 1
github.com/0xERR0R/blocky/lists/parsers/parser.go:87.44,89.2 1 1
github.com/0xERR0R/blocky/lists/parsers/parser.go:91.44,93.2 1 1
github.com/0xERR0R/blocky/config/blocking.go:33.55,41.94 1 1
github.com/0xERR0R/blocky/config/blocking.go:41.94,42.16 1 1
github.com/0xERR0R/blocky/config/blocking.go:42.16,44.5 1 1
github.com/0xERR0R/blocky/config/blocking.go:53.37,55.2 1 1
github.com/0xERR0R/blocky/config/blocking.go:58.52,61.44 2 1
github.com/0xERR0R/blocky/config/blocking.go:61.44,63.3 1 1
github.com/0xERR0R/blocky/config/blocking.go:65.2,72.58 6 1
github.com/0xERR0R/blocky/config/blocking.go:72.58,74.3 1 1
github.com/0xERR0R/blocky/config/blocking.go:76.2,77.58 2 1
github.com/0xERR0R/blocky/config/blocking.go:77.58,79.3 1 1
github.com/0xERR0R/blocky/config/blocking.go:82.93,83.41 1 1
github.com/0xERR0R/blocky/config/blocking.go:83.41,86.34 2 1
github.com/0xERR0R/blocky/config/blocking.go:86.34,88.4 1 1
github.com/0xERR0R/blocky/config/bytes_source.go:25.38,26.16 1 1
github.com/0xERR0R/blocky/config/bytes_source.go:27.27,28.8 1 1
github.com/0xERR0R/blocky/config/bytes_source.go:30.27,31.16 1 0
github.com/0xERR0R/blocky/config/bytes_source.go:33.27,34.28 1 1
github.com/0xERR0R/blocky/config/bytes_source.go:36.10,37.64 1 0
github.com/0xERR0R/blocky/config/bytes_source.go:40.2,43.53 3 1
github.com/0xERR0R/blocky/config/bytes_source.go:43.53,46.3 2 1
github.com/0xERR0R/blocky/config/bytes_source.go:48.2,48.41 1 1
github.com/0xERR0R/blocky/config/bytes_source.go:48.41,51.3 2 1
github.com/0xERR0R/blocky/config/bytes_source.go:53.2,53.15 1 1
github.com/0xERR0R/blocky/config/bytes_source.go:53.15,55.3 1 1
github.com/0xERR0R/blocky/config/bytes_source.go:57.2,57.13 1 0
github.com/0xERR0R/blocky/config/bytes_source.go:61.56,64.9 2 1
github.com/0xERR0R/blocky/config/bytes_source.go:66.41,67.60 1 1
github.com/0xERR0R/blocky/config/bytes_source.go:70.41,71.60 1 1
github.com/0xERR0R/blocky/config/bytes_source.go:74.10,75.91 1 1
github.com/0xERR0R/blocky/config/bytes_source.go:78.2,78.12 1 1
github.com/0xERR0R/blocky/config/bytes_source.go:81.48,88.2 3 1
github.com/0xERR0R/blocky/config/bytes_source.go:90.55,93.33 2 1
github.com/0xERR0R/blocky/config/bytes_source.go:93.33,95.3 1 1
github.com/0xERR0R/blocky/config/bytes_source.go:97.2,97.12 1 1
github.com/0xERR0R/blocky/config/bytes_source.go:100.51,102.2 1 1
github.com/0xERR0R/blocky/config/bytes_source.go:104.41,111.2 3 1
github.com/0xERR0R/blocky/config/bytes_source_enum.go:36.38,40.2 3 0
github.com/0xERR0R/blocky/config/bytes_source_enum.go:43.48,49.2 1 0
github.com/0xERR0R/blocky/config/bytes_source_enum.go:58.42,59.43 1 0
github.com/0xERR0R/blocky/config/bytes_source_enum.go:59.43,61.3 1 0
github.com/0xERR0R/blocky/config/bytes_source_enum.go:62.2,62.46 1 0
github.com/0xERR0R/blocky/config/bytes_source_enum.go:67.41,70.2 2 0
github.com/0xERR0R/blocky/config/bytes_source_enum.go:79.65,80.46 1 0
github.com/0xERR0R/blocky/config/bytes_source_enum.go:80.46,82.3 1 0
github.com/0xERR0R/blocky/config/bytes_source_enum.go:83.2,83.84 1 0
github.com/0xERR0R/blocky/config/bytes_source_enum.go:87.56,89.2 1 0
github.com/0xERR0R/blocky/config/bytes_source_enum.go:92.60,95.16 3 0
github.com/0xERR0R/blocky/config/bytes_source_enum.go:95.16,97.3 1 0
github.com/0xERR0R/blocky/config/bytes_source_enum.go:98.2,99.12 2 0
github.com/0xERR0R/blocky/config/bytes_source_enum.go:106.64,108.2 1 0
github.com/0xERR0R/blocky/config/caching.go:23.36,25.2 1 1
github.com/0xERR0R/blocky/config/caching.go:28.51,33.32 5 1
github.com/0xERR0R/blocky/config/caching.go:33.32,35.3 1 1
github.com/0xERR0R/blocky/config/caching.go:37.2,37.19 1 1
github.com/0xERR0R/blocky/config/caching.go:37.19,42.3 4 1
github.com/0xERR0R/blocky/config/caching.go:42.8,44.3 1 1
github.com/0xERR0R/blocky/config/caching.go:47.36,50.20 2 1
github.com/0xERR0R/blocky/config/caching.go:50.20,53.3 1 0
github.com/0xERR0R/blocky/config/caching.go:55.2,56.25 2 1
github.com/0xERR0R/blocky/config/client_lookup.go:17.41,19.2 1 1
github.com/0xERR0R/blocky/config/client_lookup.go:22.56,23.29 1 1
github.com/0xERR0R/blocky/config/client_lookup.go:23.29,25.3 1 1
github.com/0xERR0R/blocky/config/client_lookup.go:27.2,29.36 2 1
github.com/0xERR0R/blocky/config/client_lookup.go:29.36,32.43 2 1
github.com/0xERR0R/blocky/config/client_lookup.go:32.43,34.4 1 1
github.com/0xERR0R/blocky/config/conditional_upstream.go:23.48,25.2 1 1
github.com/0xERR0R/blocky/config/conditional_upstream.go:28.63,29.44 1 1
github.com/0xERR0R/blocky/config/conditional_upstream.go:29.44,31.3 1 1
github.com/0xERR0R/blocky/config/conditional_upstream.go:35.85,37.42 2 1
github.com/0xERR0R/blocky/config/conditional_upstream.go:37.42,39.3 1 1
github.com/0xERR0R/blocky/config/conditional_upstream.go:41.2,43.26 2 1
github.com/0xERR0R/blocky/config/conditional_upstream.go:43.26,46.46 2 1
github.com/0xERR0R/blocky/config/conditional_upstream.go:46.46,48.18 2 1
github.com/0xERR0R/blocky/config/conditional_upstream.go:48.18,50.5 1 1
github.com/0xERR0R/blocky/config/conditional_upstream.go:52.4,52.43 1 1
github.com/0xERR0R/blocky/config/conditional_upstream.go:55.3,55.24 1 1
github.com/0xERR0R/blocky/config/conditional_upstream.go:58.2,60.12 2 1
github.com/0xERR0R/blocky/config/config.go:58.35,59.39 1 0
github.com/0xERR0R/blocky/config/config.go:59.39,61.3 1 0
github.com/0xERR0R/blocky/config/config.go:63.2,63.41 1 0
github.com/0xERR0R/blocky/config/config.go:66.42,67.44 1 0
github.com/0xERR0R/blocky/config/config.go:67.44,69.3 1 0
github.com/0xERR0R/blocky/config/config.go:71.2,71.41 1 0
github.com/0xERR0R/blocky/config/config.go:82.53,86.33 2 1
github.com/0xERR0R/blocky/config/config.go:86.33,91.3 3 1
github.com/0xERR0R/blocky/config/config.go:112.107,113.55 1 1
github.com/0xERR0R/blocky/config/config.go:113.55,115.3 1 1
github.com/0xERR0R/blocky/config/config.go:117.2,117.27 1 1
github.com/0xERR0R/blocky/config/config.go:117.27,118.13 1 1
github.com/0xERR0R/blocky/config/config.go:118.13,120.18 2 1
github.com/0xERR0R/blocky/config/config.go:120.18,122.5 1 1
github.com/0xERR0R/blocky/config/config.go:125.3,125.13 1 1
github.com/0xERR0R/blocky/config/config.go:128.2,129.16 2 1
github.com/0xERR0R/blocky/config/config.go:129.16,132.35 2 1
github.com/0xERR0R/blocky/config/config.go:132.35,134.4 1 1
github.com/0xERR0R/blocky/config/config.go:137.2,137.12 1 1
github.com/0xERR0R/blocky/config/config.go:173.57,181.2 4 1
github.com/0xERR0R/blocky/config/config.go:184.71,186.38 1 1
github.com/0xERR0R/blocky/config/config.go:186.38,190.3 2 1
github.com/0xERR0R/blocky/config/config.go:193.2,195.40 2 1
github.com/0xERR0R/blocky/config/config.go:195.40,197.3 1 0
github.com/0xERR0R/blocky/config/config.go:199.2,199.37 1 1
github.com/0xERR0R/blocky/config/config.go:203.38,204.26 1 1
github.com/0xERR0R/blocky/config/config.go:204.26,205.39 1 1
github.com/0xERR0R/blocky/config/config.go:205.39,207.4 1 1
github.com/0xERR0R/blocky/config/config.go:212.71,214.43 2 1
github.com/0xERR0R/blocky/config/config.go:214.43,218.3 2 1
github.com/0xERR0R/blocky/config/config.go:222.2,223.38 2 1
github.com/0xERR0R/blocky/config/config.go:223.38,225.3 1 0
github.com/0xERR0R/blocky/config/config.go:227.2,229.12 2 1
github.com/0xERR0R/blocky/config/config.go:233.79,234.47 1 1
github.com/0xERR0R/blocky/config/config.go:234.47,236.3 1 1
github.com/0xERR0R/blocky/config/config.go:240.2,241.38 2 1
github.com/0xERR0R/blocky/config/config.go:241.38,243.3 1 1
github.com/0xERR0R/blocky/config/config.go:245.2,247.12 2 1
github.com/0xERR0R/blocky/config/config.go:303.49,308.2 4 0
github.com/0xERR0R/blocky/config/config.go:316.41,318.2 1 1
github.com/0xERR0R/blocky/config/config.go:320.49,323.26 1 1
github.com/0xERR0R/blocky/config/config.go:345.37,347.2 1 0
github.com/0xERR0R/blocky/config/config.go:350.52,352.2 1 0
github.com/0xERR0R/blocky/config/config.go:358.48,360.2 1 1
github.com/0xERR0R/blocky/config/config.go:371.57,376.35 4 1
github.com/0xERR0R/blocky/config/config.go:376.35,378.3 1 1
github.com/0xERR0R/blocky/config/config.go:378.8,380.3 1 1
github.com/0xERR0R/blocky/config/config.go:382.2,383.53 2 1
github.com/0xERR0R/blocky/config/config.go:388.9,390.16 2 1
github.com/0xERR0R/blocky/config/config.go:390.16,392.3 1 1
github.com/0xERR0R/blocky/config/config.go:394.2,394.25 1 1
github.com/0xERR0R/blocky/config/config.go:394.25,396.3 1 1
github.com/0xERR0R/blocky/config/config.go:398.2,398.12 1 1
github.com/0xERR0R/blocky/config/config.go:403.3,404.61 1 1
github.com/0xERR0R/blocky/config/config.go:404.61,406.3 1 1
github.com/0xERR0R/blocky/config/config.go:408.2,411.6 3 1
github.com/0xERR0R/blocky/config/config.go:411.6,412.10 1 1
github.com/0xERR0R/blocky/config/config.go:413.19,415.18 2 1
github.com/0xERR0R/blocky/config/config.go:415.18,417.5 1 1
github.com/0xERR0R/blocky/config/config.go:419.21,420.10 1 1
github.com/0xERR0R/blocky/config/config.go:425.106,426.48 1 1
github.com/0xERR0R/blocky/config/config.go:426.48,427.16 1 1
github.com/0xERR0R/blocky/config/config.go:427.16,428.36 1 1
github.com/0xERR0R/blocky/config/config.go:428.36,430.5 1 1
github.com/0xERR0R/blocky/config/config.go:433.3,433.17 1 1
github.com/0xERR0R/blocky/config/config.go:446.54,450.2 3 1
github.com/0xERR0R/blocky/config/config.go:452.39,455.43 2 1
github.com/0xERR0R/blocky/config/config.go:455.43,457.3 1 1
github.com/0xERR0R/blocky/config/config.go:459.2,459.17 1 1
github.com/0xERR0R/blocky/config/config.go:462.29,464.16 2 1
github.com/0xERR0R/blocky/config/config.go:464.16,466.3 1 0
github.com/0xERR0R/blocky/config/config.go:468.2,468.12 1 1
github.com/0xERR0R/blocky/config/config.go:472.73,476.2 2 1
github.com/0xERR0R/blocky/config/config.go:478.95,480.16 2 1
github.com/0xERR0R/blocky/config/config.go:480.16,482.3 1 0
github.com/0xERR0R/blocky/config/config.go:484.2,484.15 1 1
github.com/0xERR0R/blocky/config/config.go:484.15,485.18 1 1
github.com/0xERR0R/blocky/config/config.go:485.18,487.4 1 1
github.com/0xERR0R/blocky/config/config.go:490.2,491.16 2 1
github.com/0xERR0R/blocky/config/config.go:491.16,492.51 1 1
github.com/0xERR0R/blocky/config/config.go:492.51,496.4 1 1
github.com/0xERR0R/blocky/config/config.go:498.3,498.63 1 1
github.com/0xERR0R/blocky/config/config.go:501.2,506.16 2 1
github.com/0xERR0R/blocky/config/config.go:506.16,510.17 3 1
github.com/0xERR0R/blocky/config/config.go:510.17,512.4 1 0
github.com/0xERR0R/blocky/config/config.go:513.8,517.17 3 1
github.com/0xERR0R/blocky/config/config.go:517.17,519.4 1 0
github.com/0xERR0R/blocky/config/config.go:522.2,525.16 3 1
github.com/0xERR0R/blocky/config/config.go:525.16,527.3 1 1
github.com/0xERR0R/blocky/config/config.go:530.2,533.18 3 1
github.com/0xERR0R/blocky/config/config.go:537.39,539.2 1 1
github.com/0xERR0R/blocky/config/config.go:541.60,542.86 1 1
github.com/0xERR0R/blocky/config/config.go:542.86,543.17 1 1
github.com/0xERR0R/blocky/config/config.go:543.17,545.4 1 0
github.com/0xERR0R/blocky/config/config.go:547.3,547.23 1 1
github.com/0xERR0R/blocky/config/config.go:547.23,549.4 1 1
github.com/0xERR0R/blocky/config/config.go:552.3,552.28 1 1
github.com/0xERR0R/blocky/config/config.go:552.28,554.4 1 1
github.com/0xERR0R/blocky/config/config.go:556.3,557.17 2 1
github.com/0xERR0R/blocky/config/config.go:557.17,559.4 1 0
github.com/0xERR0R/blocky/config/config.go:562.3,562.17 1 1
github.com/0xERR0R/blocky/config/config.go:562.17,564.4 1 1
github.com/0xERR0R/blocky/config/config.go:566.3,567.17 2 1
github.com/0xERR0R/blocky/config/config.go:567.17,569.4 1 0
github.com/0xERR0R/blocky/config/config.go:571.3,574.13 3 1
github.com/0xERR0R/blocky/config/config.go:576.2,576.16 1 1
github.com/0xERR0R/blocky/config/config.go:576.16,578.3 1 0
github.com/0xERR0R/blocky/config/config.go:580.2,580.18 1 1
github.com/0xERR0R/blocky/config/config.go:584.47,586.16 2 1
github.com/0xERR0R/blocky/config/config.go:586.16,588.3 1 0
github.com/0xERR0R/blocky/config/config.go:590.2,592.23 2 1
github.com/0xERR0R/blocky/config/config.go:595.76,597.16 2 1
github.com/0xERR0R/blocky/config/config.go:597.16,599.3 1 1
github.com/0xERR0R/blocky/config/config.go:601.2,602.20 2 1
github.com/0xERR0R/blocky/config/config.go:602.20,604.3 1 1
github.com/0xERR0R/blocky/config/config.go:606.2,608.12 2 1
github.com/0xERR0R/blocky/config/config.go:611.55,615.88 1 1
github.com/0xERR0R/blocky/config/config.go:615.88,616.16 1 1
github.com/0xERR0R/blocky/config/config.go:616.16,618.5 1 1
github.com/0xERR0R/blocky/config/config.go:629.101,630.13 1 1
github.com/0xERR0R/blocky/config/config.go:630.13,632.5 1 1
github.com/0xERR0R/blocky/config/config.go:632.10,634.5 1 0
github.com/0xERR0R/blocky/config/config.go:638.2,641.23 3 1
github.com/0xERR0R/blocky/config/config.go:644.51,649.81 3 1
github.com/0xERR0R/blocky/config/config.go:649.81,651.3 1 0
github.com/0xERR0R/blocky/config/config.go:655.45,662.16 3 1
github.com/0xERR0R/blocky/config/config.go:662.16,664.3 1 1
github.com/0xERR0R/blocky/config/config.go:666.2,666.23 1 1
github.com/0xERR0R/blocky/config/config_enum.go:36.32,40.2 3 0
github.com/0xERR0R/blocky/config/config_enum.go:43.36,49.2 1 0
github.com/0xERR0R/blocky/config/config_enum.go:58.36,59.37 1 0
github.com/0xERR0R/blocky/config/config_enum.go:59.37,61.3 1 0
github.com/0xERR0R/blocky/config/config_enum.go:62.2,62.40 1 0
github.com/0xERR0R/blocky/config/config_enum.go:67.35,70.2 2 0
github.com/0xERR0R/blocky/config/config_enum.go:79.53,80.40 1 1
github.com/0xERR0R/blocky/config/config_enum.go:80.40,82.3 1 1
github.com/0xERR0R/blocky/config/config_enum.go:83.2,83.72 1 0
github.com/0xERR0R/blocky/config/config_enum.go:87.50,89.2 1 0
github.com/0xERR0R/blocky/config/config_enum.go:92.54,95.16 3 1
github.com/0xERR0R/blocky/config/config_enum.go:95.16,97.3 1 0
github.com/0xERR0R/blocky/config/config_enum.go:98.2,99.12 2 1
github.com/0xERR0R/blocky/config/config_enum.go:106.58,108.2 1 0
github.com/0xERR0R/blocky/config/config_enum.go:133.35,137.2 3 0
github.com/0xERR0R/blocky/config/config_enum.go:140.42,146.2 1 0
github.com/0xERR0R/blocky/config/config_enum.go:155.39,156.40 1 1
github.com/0xERR0R/blocky/config/config_enum.go:156.40,158.3 1 1
github.com/0xERR0R/blocky/config/config_enum.go:159.2,159.43 1 0
github.com/0xERR0R/blocky/config/config_enum.go:164.38,167.2 2 0
github.com/0xERR0R/blocky/config/config_enum.go:176.59,177.43 1 1
github.com/0xERR0R/blocky/config/config_enum.go:177.43,179.3 1 1
github.com/0xERR0R/blocky/config/config_enum.go:180.2,180.78 1 0
github.com/0xERR0R/blocky/config/config_enum.go:184.53,186.2 1 0
github.com/0xERR0R/blocky/config/config_enum.go:189.57,192.16 3 1
github.com/0xERR0R/blocky/config/config_enum.go:192.16,194.3 1 0
github.com/0xERR0R/blocky/config/config_enum.go:195.2,196.12 2 1
github.com/0xERR0R/blocky/config/config_enum.go:203.61,205.2 1 0
github.com/0xERR0R/blocky/config/config_enum.go:230.34,234.2 3 0
github.com/0xERR0R/blocky/config/config_enum.go:237.40,243.2 1 0
github.com/0xERR0R/blocky/config/config_enum.go:252.38,253.39 1 1
github.com/0xERR0R/blocky/config/config_enum.go:253.39,255.3 1 1
github.com/0xERR0R/blocky/config/config_enum.go:256.2,256.42 1 0
github.com/0xERR0R/blocky/config/config_enum.go:261.37,264.2 2 0
github.com/0xERR0R/blocky/config/config_enum.go:273.57,274.42 1 0
github.com/0xERR0R/blocky/config/config_enum.go:274.42,276.3 1 0
github.com/0xERR0R/blocky/config/config_enum.go:277.2,277.76 1 0
github.com/0xERR0R/blocky/config/config_enum.go:281.52,283.2 1 0
github.com/0xERR0R/blocky/config/config_enum.go:286.56,289.16 3 0
github.com/0xERR0R/blocky/config/config_enum.go:289.16,291.3 1 0
github.com/0xERR0R/blocky/config/config_enum.go:292.2,293.12 2 0
github.com/0xERR0R/blocky/config/config_enum.go:300.60,302.2 1 0
github.com/0xERR0R/blocky/config/config_enum.go:331.36,335.2 3 0
github.com/0xERR0R/blocky/config/config_enum.go:338.44,347.2 1 1
github.com/0xERR0R/blocky/config/config_enum.go:350.40,352.2 1 0
github.com/0xERR0R/blocky/config/config_enum.go:356.39,359.2 2 0
github.com/0xERR0R/blocky/config/config_enum.go:371.61,372.44 1 1
github.com/0xERR0R/blocky/config/config_enum.go:372.44,374.3 1 1
github.com/0xERR0R/blocky/config/config_enum.go:375.2,375.81 1 0
github.com/0xERR0R/blocky/config/config_enum.go:379.54,381.2 1 0
github.com/0xERR0R/blocky/config/config_enum.go:384.58,386.16 2 1
github.com/0xERR0R/blocky/config/config_enum.go:386.16,388.3 1 0
github.com/0xERR0R/blocky/config/config_enum.go:389.2,390.12 2 1
github.com/0xERR0R/blocky/config/config_enum.go:397.62,399.2 1 0
github.com/0xERR0R/blocky/config/config_enum.go:440.35,444.2 3 0
github.com/0xERR0R/blocky/config/config_enum.go:447.42,457.2 1 0
github.com/0xERR0R/blocky/config/config_enum.go:470.39,471.40 1 1
github.com/0xERR0R/blocky/config/config_enum.go:471.40,473.3 1 1
github.com/0xERR0R/blocky/config/config_enum.go:474.2,474.43 1 0
github.com/0xERR0R/blocky/config/config_enum.go:479.38,482.2 2 0
github.com/0xERR0R/blocky/config/config_enum.go:495.59,496.43 1 1
github.com/0xERR0R/blocky/config/config_enum.go:496.43,498.3 1 1
github.com/0xERR0R/blocky/config/config_enum.go:499.2,499.78 1 0
github.com/0xERR0R/blocky/config/config_enum.go:503.53,505.2 1 0
github.com/0xERR0R/blocky/config/config_enum.go:508.57,511.16 3 1
github.com/0xERR0R/blocky/config/config_enum.go:511.16,513.3 1 0
github.com/0xERR0R/blocky/config/config_enum.go:514.2,515.12 2 1
github.com/0xERR0R/blocky/config/config_enum.go:522.61,524.2 1 0
github.com/0xERR0R/blocky/config/config_enum.go:549.33,553.2 3 0
github.com/0xERR0R/blocky/config/config_enum.go:556.38,563.2 1 0
github.com/0xERR0R/blocky/config/config_enum.go:573.37,574.38 1 1
github.com/0xERR0R/blocky/config/config_enum.go:574.38,576.3 1 1
github.com/0xERR0R/blocky/config/config_enum.go:577.2,577.41 1 1
github.com/0xERR0R/blocky/config/config_enum.go:582.36,585.2 2 0
github.com/0xERR0R/blocky/config/config_enum.go:595.55,596.41 1 1
github.com/0xERR0R/blocky/config/config_enum.go:596.41,598.3 1 1
github.com/0xERR0R/blocky/config/config_enum.go:599.2,599.74 1 0
github.com/0xERR0R/blocky/config/config_enum.go:603.51,605.2 1 0
github.com/0xERR0R/blocky/config/config_enum.go:608.55,611.16 3 1
github.com/0xERR0R/blocky/config/config_enum.go:611.16,613.3 1 0
github.com/0xERR0R/blocky/config/config_enum.go:614.2,615.12 2 1
github.com/0xERR0R/blocky/config/config_enum.go:622.59,624.2 1 0
github.com/0xERR0R/blocky/config/config_enum.go:646.39,650.2 3 0
github.com/0xERR0R/blocky/config/config_enum.go:653.50,659.2 1 0
github.com/0xERR0R/blocky/config/config_enum.go:668.43,669.44 1 1
github.com/0xERR0R/blocky/config/config_enum.go:669.44,671.3 1 1
github.com/0xERR0R/blocky/config/config_enum.go:672.2,672.47 1 0
github.com/0xERR0R/blocky/config/config_enum.go:677.42,680.2 2 0
github.com/0xERR0R/blocky/config/config_enum.go:689.67,690.47 1 1
github.com/0xERR0R/blocky/config/config_enum.go:690.47,692.3 1 1
github.com/0xERR0R/blocky/config/config_enum.go:693.2,693.86 1 0
github.com/0xERR0R/blocky/config/config_enum.go:697.57,699.2 1 0
github.com/0xERR0R/blocky/config/config_enum.go:702.61,705.16 3 1
github.com/0xERR0R/blocky/config/config_enum.go:705.16,707.3 1 0
github.com/0xERR0R/blocky/config/config_enum.go:708.2,709.12 2 1
github.com/0xERR0R/blocky/config/config_enum.go:716.65,718.2 1 0
github.com/0xERR0R/blocky/config/custom_dns.go:32.70,34.42 2 1
github.com/0xERR0R/blocky/config/custom_dns.go:34.42,36.3 1 1
github.com/0xERR0R/blocky/config/custom_dns.go:38.2,43.6 4 1
github.com/0xERR0R/blocky/config/custom_dns.go:43.6,46.10 2 1
github.com/0xERR0R/blocky/config/custom_dns.go:46.10,47.31 1 1
github.com/0xERR0R/blocky/config/custom_dns.go:47.31,49.5 1 1
github.com/0xERR0R/blocky/config/custom_dns.go:52.4,52.9 1 1
github.com/0xERR0R/blocky/config/custom_dns.go:55.3,57.35 2 1
github.com/0xERR0R/blocky/config/custom_dns.go:57.35,59.4 1 1
github.com/0xERR0R/blocky/config/custom_dns.go:61.3,61.50 1 1
github.com/0xERR0R/blocky/config/custom_dns.go:64.2,66.12 2 1
github.com/0xERR0R/blocky/config/custom_dns.go:69.75,71.42 2 1
github.com/0xERR0R/blocky/config/custom_dns.go:71.42,73.3 1 1
github.com/0xERR0R/blocky/config/custom_dns.go:75.2,78.29 3 1
github.com/0xERR0R/blocky/config/custom_dns.go:78.29,80.17 2 1
github.com/0xERR0R/blocky/config/custom_dns.go:80.17,82.4 1 1
github.com/0xERR0R/blocky/config/custom_dns.go:84.3,84.17 1 1
github.com/0xERR0R/blocky/config/custom_dns.go:87.2,89.12 2 1
github.com/0xERR0R/blocky/config/custom_dns.go:93.38,95.2 1 1
github.com/0xERR0R/blocky/config/custom_dns.go:98.53,104.34 4 1
github.com/0xERR0R/blocky/config/custom_dns.go:104.34,106.3 1 1
github.com/0xERR0R/blocky/config/custom_dns.go:109.47,111.15 2 1
github.com/0xERR0R/blocky/config/custom_dns.go:111.15,113.3 1 1
github.com/0xERR0R/blocky/config/custom_dns.go:115.2,115.21 1 1
github.com/0xERR0R/blocky/config/custom_dns.go:115.21,120.3 3 1
github.com/0xERR0R/blocky/config/custom_dns.go:122.2,125.18 3 1
github.com/0xERR0R/blocky/config/dns64.go:20.34,22.2 1 1
github.com/0xERR0R/blocky/config/dns64.go:25.49,26.26 1 1
github.com/0xERR0R/blocky/config/dns64.go:26.26,28.3 1 1
github.com/0xERR0R/blocky/config/dns64.go:28.8,30.37 2 1
github.com/0xERR0R/blocky/config/dns64.go:30.37,32.4 1 1
github.com/0xERR0R/blocky/config/dns64.go:35.2,35.30 1 1
github.com/0xERR0R/blocky/config/dns64.go:35.30,37.3 1 1
github.com/0xERR0R/blocky/config/dns64.go:37.8,39.41 2 1
github.com/0xERR0R/blocky/config/dns64.go:39.41,41.4 1 1
github.com/0xERR0R/blocky/config/dns64.go:46.94,47.15 1 1
github.com/0xERR0R/blocky/config/dns64.go:47.15,49.3 1 1
github.com/0xERR0R/blocky/config/dns64.go:52.2,52.59 1 1
github.com/0xERR0R/blocky/config/dns64.go:52.59,55.3 1 1
github.com/0xERR0R/blocky/config/dns64.go:58.2,59.36 2 1
github.com/0xERR0R/blocky/config/dns64.go:59.36,61.27 1 1
github.com/0xERR0R/blocky/config/dns64.go:61.27,63.4 1 1
github.com/0xERR0R/blocky/config/dns64.go:66.3,67.26 2 1
github.com/0xERR0R/blocky/config/dns64.go:67.26,70.4 1 1
github.com/0xERR0R/blocky/config/dns64.go:74.2,74.39 1 1
github.com/0xERR0R/blocky/config/dns64.go:74.39,75.44 1 1
github.com/0xERR0R/blocky/config/dns64.go:75.44,76.45 1 1
github.com/0xERR0R/blocky/config/dns64.go:76.45,78.5 1 1
github.com/0xERR0R/blocky/config/dns64.go:83.2,83.40 1 1
github.com/0xERR0R/blocky/config/dns64.go:83.40,85.27 1 1
github.com/0xERR0R/blocky/config/dns64.go:85.27,88.4 1 1
github.com/0xERR0R/blocky/config/dns64.go:91.2,91.38 1 1
github.com/0xERR0R/blocky/config/dns64.go:91.38,94.3 1 1
github.com/0xERR0R/blocky/config/dns64.go:96.2,96.12 1 1
github.com/0xERR0R/blocky/config/dnssec.go:24.35,26.2 1 1
github.com/0xERR0R/blocky/config/dnssec.go:29.50,32.16 2 1
github.com/0xERR0R/blocky/config/dnssec.go:32.16,33.30 1 1
github.com/0xERR0R/blocky/config/dnssec.go:33.30,35.4 1 1
github.com/0xERR0R/blocky/config/dnssec.go:35.9,37.4 1 1
github.com/0xERR0R/blocky/config/dnssec.go:38.3,42.79 5 1
github.com/0xERR0R/blocky/config/duration.go:16.46,18.2 1 1
github.com/0xERR0R/blocky/config/duration.go:21.38,23.2 1 1
github.com/0xERR0R/blocky/config/duration.go:26.40,28.2 1 1
github.com/0xERR0R/blocky/config/duration.go:31.37,33.2 1 1
github.com/0xERR0R/blocky/config/duration.go:36.39,38.2 1 1
github.com/0xERR0R/blocky/config/duration.go:41.35,43.2 1 1
github.com/0xERR0R/blocky/config/duration.go:46.53,49.53 2 1
github.com/0xERR0R/blocky/config/duration.go:49.53,56.3 3 1
github.com/0xERR0R/blocky/config/duration.go:58.2,59.16 2 1
github.com/0xERR0R/blocky/config/duration.go:59.16,63.3 2 1
github.com/0xERR0R/blocky/config/duration.go:65.2,65.60 1 1
github.com/0xERR0R/blocky/config/ecs.go:19.54,21.16 2 1
github.com/0xERR0R/blocky/config/ecs.go:21.16,23.3 1 1
github.com/0xERR0R/blocky/config/ecs.go:25.2,27.12 2 1
github.com/0xERR0R/blocky/config/ecs.go:34.54,36.16 2 1
github.com/0xERR0R/blocky/config/ecs.go:36.16,38.3 1 1
github.com/0xERR0R/blocky/config/ecs.go:40.2,42.12 2 1
github.com/0xERR0R/blocky/config/ecs.go:54.32,56.2 1 1
github.com/0xERR0R/blocky/config/ecs.go:59.47,64.2 4 1
github.com/0xERR0R/blocky/config/ecs.go:68.81,72.16 3 1
github.com/0xERR0R/blocky/config/ecs.go:72.16,74.3 1 1
github.com/0xERR0R/blocky/config/ecs.go:76.2,76.30 1 1
github.com/0xERR0R/blocky/config/ecs.go:76.30,78.3 1 1
github.com/0xERR0R/blocky/config/ecs.go:80.2,80.26 1 1
github.com/0xERR0R/blocky/config/filtering.go:12.38,14.2 1 1
github.com/0xERR0R/blocky/config/filtering.go:17.53,20.34 2 1
github.com/0xERR0R/blocky/config/filtering.go:20.34,22.3 1 1
github.com/0xERR0R/blocky/config/hosts_file.go:22.56,25.63 1 1
github.com/0xERR0R/blocky/config/hosts_file.go:25.63,27.4 1 1
github.com/0xERR0R/blocky/config/hosts_file.go:32.38,34.2 1 1
github.com/0xERR0R/blocky/config/hosts_file.go:37.53,46.35 6 1
github.com/0xERR0R/blocky/config/hosts_file.go:46.35,48.3 1 1
github.com/0xERR0R/blocky/config/metrics.go:12.36,14.2 1 1
github.com/0xERR0R/blocky/config/metrics.go:17.51,19.2 1 1
github.com/0xERR0R/blocky/config/qtype_set.go:14.47,17.31 2 1
github.com/0xERR0R/blocky/config/qtype_set.go:17.31,19.3 1 1
github.com/0xERR0R/blocky/config/qtype_set.go:21.2,21.10 1 1
github.com/0xERR0R/blocky/config/qtype_set.go:24.49,28.2 2 1
github.com/0xERR0R/blocky/config/qtype_set.go:30.43,31.15 1 1
github.com/0xERR0R/blocky/config/qtype_set.go:31.15,33.3 1 1
github.com/0xERR0R/blocky/config/qtype_set.go:35.2,35.33 1 1
github.com/0xERR0R/blocky/config/qtype_set.go:38.67,40.42 2 1
github.com/0xERR0R/blocky/config/qtype_set.go:40.42,42.3 1 1
github.com/0xERR0R/blocky/config/qtype_set.go:44.2,46.30 2 1
github.com/0xERR0R/blocky/config/qtype_set.go:46.30,48.3 1 1
github.com/0xERR0R/blocky/config/qtype_set.go:50.2,50.12 1 1
github.com/0xERR0R/blocky/config/qtype_set.go:55.32,57.2 1 1
github.com/0xERR0R/blocky/config/qtype_set.go:60.50,64.12 3 1
github.com/0xERR0R/blocky/config/qtype_set.go:64.12,71.3 3 1
github.com/0xERR0R/blocky/config/qtype_set.go:73.2,75.12 2 1
github.com/0xERR0R/blocky/config/query_log.go:28.34,32.2 1 1
github.com/0xERR0R/blocky/config/query_log.go:35.37,37.2 1 1
github.com/0xERR0R/blocky/config/query_log.go:40.52,43.20 2 1
github.com/0xERR0R/blocky/config/query_log.go:43.20,45.3 1 1
github.com/0xERR0R/blocky/config/query_log.go:47.2,54.53 7 1
github.com/0xERR0R/blocky/config/query_log.go:54.53,56.3 1 1
github.com/0xERR0R/blocky/config/query_log.go:59.44,62.41 2 1
github.com/0xERR0R/blocky/config/query_log.go:62.41,64.3 1 1
github.com/0xERR0R/blocky/config/query_log.go:66.2,67.16 2 1
github.com/0xERR0R/blocky/config/query_log.go:67.16,69.3 1 1
github.com/0xERR0R/blocky/config/query_log.go:71.2,72.9 2 1
github.com/0xERR0R/blocky/config/query_log.go:72.9,74.3 1 1
github.com/0xERR0R/blocky/config/query_log.go:76.2,76.61 1 1
github.com/0xERR0R/blocky/config/redis.go:22.34,24.2 1 1
github.com/0xERR0R/blocky/config/redis.go:27.49,28.35 1 1
github.com/0xERR0R/blocky/config/redis.go:28.35,30.3 1 1
github.com/0xERR0R/blocky/config/redis.go:32.2,39.34 7 1
github.com/0xERR0R/blocky/config/redis.go:39.34,46.44 6 1
github.com/0xERR0R/blocky/config/redis.go:46.44,48.4 1 1
github.com/0xERR0R/blocky/config/rewriter.go:16.46,17.24 1 1
github.com/0xERR0R/blocky/config/rewriter.go:17.24,19.31 2 1
github.com/0xERR0R/blocky/config/rewriter.go:19.31,21.4 1 1
github.com/0xERR0R/blocky/config/rewriter.go:22.3,22.25 1 1
github.com/0xERR0R/blocky/config/rewriter.go:27.43,29.2 1 1
github.com/0xERR0R/blocky/config/rewriter.go:32.58,37.34 3 1
github.com/0xERR0R/blocky/config/rewriter.go:37.34,39.3 1 1
github.com/0xERR0R/blocky/config/sudn.go:18.33,20.2 1 1
github.com/0xERR0R/blocky/config/sudn.go:23.48,25.2 1 1
github.com/0xERR0R/blocky/config/upstream.go:34.37,37.2 1 1
github.com/0xERR0R/blocky/config/upstream.go:40.35,41.19 1 1
github.com/0xERR0R/blocky/config/upstream.go:41.19,43.3 1 1
github.com/0xERR0R/blocky/config/upstream.go:45.2,50.31 4 1
github.com/0xERR0R/blocky/config/upstream.go:50.31,52.3 1 1
github.com/0xERR0R/blocky/config/upstream.go:54.2,55.12 2 1
github.com/0xERR0R/blocky/config/upstream.go:55.12,59.3 3 1
github.com/0xERR0R/blocky/config/upstream.go:59.8,61.3 1 1
github.com/0xERR0R/blocky/config/upstream.go:63.2,63.37 1 1
github.com/0xERR0R/blocky/config/upstream.go:63.37,66.3 2 1
github.com/0xERR0R/blocky/config/upstream.go:68.2,68.18 1 1
github.com/0xERR0R/blocky/config/upstream.go:68.18,70.3 1 1
github.com/0xERR0R/blocky/config/upstream.go:72.2,72.20 1 1
github.com/0xERR0R/blocky/config/upstream.go:76.53,80.16 3 1
github.com/0xERR0R/blocky/config/upstream.go:80.16,82.3 1 1
github.com/0xERR0R/blocky/config/upstream.go:84.2,86.12 2 1
github.com/0xERR0R/blocky/config/upstream.go:91.55,93.26 1 1
github.com/0xERR0R/blocky/config/upstream.go:93.26,95.3 1 1
github.com/0xERR0R/blocky/config/upstream.go:98.2,111.16 7 1
github.com/0xERR0R/blocky/config/upstream.go:111.16,113.17 2 1
github.com/0xERR0R/blocky/config/upstream.go:113.17,117.4 2 1
github.com/0xERR0R/blocky/config/upstream.go:119.3,119.11 1 1
github.com/0xERR0R/blocky/config/upstream.go:120.8,128.3 4 1
github.com/0xERR0R/blocky/config/upstream.go:131.2,131.40 1 1
github.com/0xERR0R/blocky/config/upstream.go:131.40,133.37 1 1
github.com/0xERR0R/blocky/config/upstream.go:133.37,135.4 1 1
github.com/0xERR0R/blocky/config/upstream.go:138.2,144.8 1 1
github.com/0xERR0R/blocky/config/upstream.go:147.52,151.2 2 1
github.com/0xERR0R/blocky/config/upstream.go:153.53,156.19 2 1
github.com/0xERR0R/blocky/config/upstream.go:156.19,159.3 2 1
github.com/0xERR0R/blocky/config/upstream.go:159.8,161.3 1 1
github.com/0xERR0R/blocky/config/upstream.go:163.2,163.23 1 1
github.com/0xERR0R/blocky/config/upstream.go:167.51,168.34 1 1
github.com/0xERR0R/blocky/config/upstream.go:168.34,170.3 1 1
github.com/0xERR0R/blocky/config/upstream.go:172.2,172.17 1 1
github.com/0xERR0R/blocky/config/upstream.go:175.56,176.75 1 1
github.com/0xERR0R/blocky/config/upstream.go:176.75,178.3 1 1
github.com/0xERR0R/blocky/config/upstream.go:180.2,180.75 1 1
github.com/0xERR0R/blocky/config/upstream.go:180.75,182.3 1 1
github.com/0xERR0R/blocky/config/upstream.go:184.2,184.74 1 1
github.com/0xERR0R/blocky/config/upstream.go:184.74,186.3 1 1
github.com/0xERR0R/blocky/config/upstream.go:188.2,188.36 1 1
github.com/0xERR0R/blocky/config/upstream.go:192.32,194.2 1 1
github.com/0xERR0R/blocky/config/upstream.go:197.52,199.16 2 1
github.com/0xERR0R/blocky/config/upstream.go:199.16,201.3 1 1
github.com/0xERR0R/blocky/config/upstream.go:204.2,205.16 2 1
github.com/0xERR0R/blocky/config/upstream.go:205.16,207.3 1 1
github.com/0xERR0R/blocky/config/upstream.go:210.2,211.16 2 1
github.com/0xERR0R/blocky/config/upstream.go:211.16,213.3 1 0
github.com/0xERR0R/blocky/config/upstream.go:216.2,217.40 2 1
github.com/0xERR0R/blocky/config/upstream.go:217.40,219.3 1 1
github.com/0xERR0R/blocky/config/upstream.go:222.2,223.30 2 1
github.com/0xERR0R/blocky/config/upstream.go:223.30,225.55 1 1
github.com/0xERR0R/blocky/config/upstream.go:225.55,227.52 1 1
github.com/0xERR0R/blocky/config/upstream.go:227.52,229.5 1 1
github.com/0xERR0R/blocky/config/upstream.go:232.3,232.32 1 1
github.com/0xERR0R/blocky/config/upstream.go:236.2,237.36 2 1
github.com/0xERR0R/blocky/config/upstream.go:237.36,239.3 1 1
github.com/0xERR0R/blocky/config/upstream.go:241.2,251.22 2 1
github.com/0xERR0R/blocky/config/upstream.go:255.92,256.22 1 1
github.com/0xERR0R/blocky/config/upstream.go:256.22,258.3 1 0
github.com/0xERR0R/blocky/config/upstream.go:260.2,261.16 2 1
github.com/0xERR0R/blocky/config/upstream.go:261.16,266.67 2 0
github.com/0xERR0R/blocky/config/upstream.go:266.67,268.4 1 0
github.com/0xERR0R/blocky/config/upstream.go:270.3,270.45 1 0
github.com/0xERR0R/blocky/config/upstream.go:274.2,274.19 1 1
github.com/0xERR0R/blocky/config/upstream.go:274.19,276.17 2 1
github.com/0xERR0R/blocky/config/upstream.go:276.17,278.4 1 0
github.com/0xERR0R/blocky/config/upstream.go:280.3,280.19 1 1
github.com/0xERR0R/blocky/config/upstream.go:283.2,283.41 1 0
github.com/0xERR0R/blocky/config/upstream.go:287.83,288.15 1 1
github.com/0xERR0R/blocky/config/upstream.go:289.37,290.32 1 1
github.com/0xERR0R/blocky/config/upstream.go:291.35,292.31 1 1
github.com/0xERR0R/blocky/config/upstream.go:293.35,294.32 1 1
github.com/0xERR0R/blocky/config/upstream.go:295.40,296.71 1 1
github.com/0xERR0R/blocky/config/upstream.go:297.35,298.76 1 1
github.com/0xERR0R/blocky/config/upstream.go:299.42,300.74 1 1
github.com/0xERR0R/blocky/config/upstream.go:301.45,302.68 1 0
github.com/0xERR0R/blocky/config/upstream.go:303.41,304.64 1 1
github.com/0xERR0R/blocky/config/upstream.go:305.10,306.81 1 0
github.com/0xERR0R/blocky/config/upstreams.go:21.52,24.30 2 1
github.com/0xERR0R/blocky/config/upstreams.go:24.30,27.3 2 1
github.com/0xERR0R/blocky/config/upstreams.go:31.38,33.2 1 1
github.com/0xERR0R/blocky/config/upstreams.go:36.53,44.40 6 1
github.com/0xERR0R/blocky/config/upstreams.go:44.40,47.38 2 1
github.com/0xERR0R/blocky/config/upstreams.go:47.38,49.4 1 1
github.com/0xERR0R/blocky/config/upstreams.go:63.87,72.2 3 1
github.com/0xERR0R/blocky/config/upstreams.go:74.53,76.2 1 1
github.com/0xERR0R/blocky/config/upstreams.go:79.42,81.2 1 1
github.com/0xERR0R/blocky/config/upstreams.go:84.57,88.46 3 1
github.com/0xERR0R/blocky/config/upstreams.go:88.46,90.3 1 1
github.com/0xERR0R/blocky/config/migration/migration.go:19.107,25.48 4 0
github.com/0xERR0R/blocky/config/migration/migration.go:25.48,31.10 5 0
github.com/0xERR0R/blocky/config/migration/migration.go:31.10,32.83 1 0
github.com/0xERR0R/blocky/config/migration/migration.go:35.3,40.43 4 0
github.com/0xERR0R/blocky/config/migration/migration.go:40.43,41.72 1 0
github.com/0xERR0R/blocky/config/migration/migration.go:44.3,44.37 1 0
github.com/0xERR0R/blocky/config/migration/migration.go:44.37,45.78 1 0
github.com/0xERR0R/blocky/config/migration/migration.go:48.3,48.18 1 0
github.com/0xERR0R/blocky/config/migration/migration.go:48.18,50.12 1 0
github.com/0xERR0R/blocky/config/migration/migration.go:53.3,56.33 3 0
github.com/0xERR0R/blocky/config/migration/migration.go:56.33,67.12 2 0
github.com/0xERR0R/blocky/config/migration/migration.go:70.3,72.31 2 0
github.com/0xERR0R/blocky/config/migration/migration.go:75.2,75.26 1 0
github.com/0xERR0R/blocky/config/migration/migration.go:75.26,76.86 1 0
github.com/0xERR0R/blocky/config/migration/migration.go:79.2,79.23 1 0
github.com/0xERR0R/blocky/config/migration/migration.go:89.56,91.2 1 0
github.com/0xERR0R/blocky/config/migration/migration.go:94.32,95.72 1 0
github.com/0xERR0R/blocky/config/migration/migration.go:95.72,97.3 1 0
github.com/0xERR0R/blocky/config/migration/migration.go:101.64,102.72 1 0
github.com/0xERR0R/blocky/config/migration/migration.go:102.72,106.10 3 0
github.com/0xERR0R/blocky/config/migration/migration.go:106.10,107.107 1 0
github.com/0xERR0R/blocky/config/migration/migration.go:110.3,110.18 1 0
github.com/0xERR0R/blocky/config/migration/migration.go:123.61,126.44 2 0
github.com/0xERR0R/blocky/config/migration/migration.go:126.44,127.102 1 0
github.com/0xERR0R/blocky/config/migration/migration.go:131.2,131.50 1 0
github.com/0xERR0R/blocky/config/migration/migration.go:131.50,135.41 3 0
github.com/0xERR0R/blocky/config/migration/migration.go:135.41,137.36 2 0
github.com/0xERR0R/blocky/config/migration/migration.go:137.36,139.5 1 0
github.com/0xERR0R/blocky/config/migration/migration.go:142.3,142.88 1 0
github.com/0xERR0R/blocky/config/migration/migration.go:146.2,146.40 1 0
github.com/0xERR0R/blocky/config/migration/migration.go:146.40,151.3 3 0
github.com/0xERR0R/blocky/config/migration/migration.go:153.2,158.3 1 0
github.com/0xERR0R/blocky/config/migration/migration.go:161.30,163.2 1 0
github.com/0xERR0R/blocky/config/migration/migration.go:165.33,167.2 1 0
github.com/0xERR0R/blocky/config/migration/migration.go:169.32,171.2 1 0
github.com/0xERR0R/blocky/config/migration/migration.go:173.43,174.22 1 0
github.com/0xERR0R/blocky/config/migration/migration.go:174.22,176.3 1 0
github.com/0xERR0R/blocky/config/migration/migration.go:178.2,178.43 1 0
github.com/0xERR0R/blocky/cmd/blocking.go:13.42,47.2 8 1
github.com/0xERR0R/blocky/cmd/blocking.go:49.59,51.16 2 1
github.com/0xERR0R/blocky/cmd/blocking.go:51.16,53.3 1 0
github.com/0xERR0R/blocky/cmd/blocking.go:55.2,56.16 2 1
github.com/0xERR0R/blocky/cmd/blocking.go:56.16,58.3 1 1
github.com/0xERR0R/blocky/cmd/blocking.go:60.2,60.48 1 1
github.com/0xERR0R/blocky/cmd/blocking.go:63.60,71.16 6 1
github.com/0xERR0R/blocky/cmd/blocking.go:71.16,73.3 1 0
github.com/0xERR0R/blocky/cmd/blocking.go:75.2,79.16 2 1
github.com/0xERR0R/blocky/cmd/blocking.go:79.16,81.3 1 1
github.com/0xERR0R/blocky/cmd/blocking.go:83.2,83.48 1 1
github.com/0xERR0R/blocky/cmd/blocking.go:86.59,88.16 2 1
github.com/0xERR0R/blocky/cmd/blocking.go:88.16,90.3 1 0
github.com/0xERR0R/blocky/cmd/blocking.go:92.2,93.16 2 1
github.com/0xERR0R/blocky/cmd/blocking.go:93.16,95.3 1 1
github.com/0xERR0R/blocky/cmd/blocking.go:97.2,97.40 1 1
github.com/0xERR0R/blocky/cmd/blocking.go:97.40,99.3 1 1
github.com/0xERR0R/blocky/cmd/blocking.go:101.2,101.16 1 1
github.com/0xERR0R/blocky/cmd/blocking.go:101.16,103.3 1 0
github.com/0xERR0R/blocky/cmd/blocking.go:105.2,105.26 1 1
github.com/0xERR0R/blocky/cmd/blocking.go:105.26,107.3 1 1
github.com/0xERR0R/blocky/cmd/blocking.go:107.8,109.41 2 1
github.com/0xERR0R/blocky/cmd/blocking.go:109.41,111.4 1 1
github.com/0xERR0R/blocky/cmd/blocking.go:113.3,113.80 1 1
github.com/0xERR0R/blocky/cmd/blocking.go:113.80,115.4 1 1
github.com/0xERR0R/blocky/cmd/blocking.go:115.9,118.4 1 1
github.com/0xERR0R/blocky/cmd/blocking.go:121.2,121.12 1 1
github.com/0xERR0R/blocky/cmd/cache.go:9.39,24.2 3 1
github.com/0xERR0R/blocky/cmd/cache.go:26.55,28.16 2 1
github.com/0xERR0R/blocky/cmd/cache.go:28.16,30.3 1 0
github.com/0xERR0R/blocky/cmd/cache.go:32.2,33.16 2 1
github.com/0xERR0R/blocky/cmd/cache.go:33.16,35.3 1 1
github.com/0xERR0R/blocky/cmd/cache.go:37.2,37.48 1 1
github.com/0xERR0R/blocky/cmd/healthcheck.go:17.45,28.2 4 1
github.com/0xERR0R/blocky/cmd/healthcheck.go:30.59,43.16 10 1
github.com/0xERR0R/blocky/cmd/healthcheck.go:43.16,45.3 1 1
github.com/0xERR0R/blocky/cmd/healthcheck.go:45.8,49.3 2 1
github.com/0xERR0R/blocky/cmd/healthcheck.go:51.2,51.12 1 1
github.com/0xERR0R/blocky/cmd/lists.go:10.39,20.2 3 1
github.com/0xERR0R/blocky/cmd/lists.go:22.41,28.2 1 1
github.com/0xERR0R/blocky/cmd/lists.go:30.56,32.16 2 1
github.com/0xERR0R/blocky/cmd/lists.go:32.16,34.3 1 0
github.com/0xERR0R/blocky/cmd/lists.go:36.2,37.16 2 1
github.com/0xERR0R/blocky/cmd/lists.go:37.16,39.3 1 1
github.com/0xERR0R/blocky/cmd/lists.go:41.2,41.48 1 1
github.com/0xERR0R/blocky/cmd/query.go:14.39,26.2 3 1
github.com/0xERR0R/blocky/cmd/query.go:28.53,32.27 3 1
github.com/0xERR0R/blocky/cmd/query.go:32.27,34.3 1 1
github.com/0xERR0R/blocky/cmd/query.go:36.2,37.16 2 1
github.com/0xERR0R/blocky/cmd/query.go:37.16,39.3 1 0
github.com/0xERR0R/blocky/cmd/query.go:41.2,47.16 3 1
github.com/0xERR0R/blocky/cmd/query.go:47.16,49.3 1 1
github.com/0xERR0R/blocky/cmd/query.go:51.2,51.40 1 1
github.com/0xERR0R/blocky/cmd/query.go:51.40,53.3 1 1
[...]
github.com/0xERR0R/blocky/resolver/query_logging_resolver.go:162.27,162.27 0 1
github.com/0xERR0R/blocky/resolver/query_logging_resolver.go:163.11,164.75 1 0
github.com/0xERR0R/blocky/resolver/query_logging_resolver.go:168.2,168.18 1 1
github.com/0xERR0R/blocky/resolver/query_logging_resolver.go:171.70,174.61 2 1
github.com/0xERR0R/blocky/resolver/query_logging_resolver.go:174.61,176.3 1 1
github.com/0xERR0R/blocky/resolver/query_logging_resolver.go:181.2,181.14 1 1
github.com/0xERR0R/blocky/resolver/query_logging_resolver.go:186.22,194.33 2 1
github.com/0xERR0R/blocky/resolver/query_logging_resolver.go:194.33,195.12 1 1
github.com/0xERR0R/blocky/resolver/query_logging_resolver.go:196.37,197.46 1 1
github.com/0xERR0R/blocky/resolver/query_logging_resolver.go:199.39,200.43 1 1
github.com/0xERR0R/blocky/resolver/query_logging_resolver.go:202.43,205.62 3 1
github.com/0xERR0R/blocky/resolver/query_logging_resolver.go:207.43,208.59 1 1
github.com/0xERR0R/blocky/resolver/query_logging_resolver.go:210.37,212.72 2 1
github.com/0xERR0R/blocky/resolver/query_logging_resolver.go:214.37,215.33 1 1
github.com/0xERR0R/blocky/resolver/query_logging_resolver.go:219.2,219.15 1 1
github.com/0xERR0R/blocky/resolver/query_logging_resolver.go:223.62,226.6 2 1
github.com/0xERR0R/blocky/resolver/query_logging_resolver.go:226.6,227.10 1 1
github.com/0xERR0R/blocky/resolver/query_logging_resolver.go:228.32,236.32 4 1
github.com/0xERR0R/blocky/resolver/query_logging_resolver.go:236.32,240.5 1 1
github.com/0xERR0R/blocky/resolver/query_logging_resolver.go:241.21,242.10 1 1
github.com/0xERR0R/blocky/resolver/query_logging_resolver.go:247.50,251.17 2 1
github.com/0xERR0R/blocky/resolver/query_logging_resolver.go:251.17,253.3 1 1
github.com/0xERR0R/blocky/resolver/query_logging_resolver.go:255.2,256.18 2 1
github.com/0xERR0R/blocky/resolver/query_logging_resolver.go:256.18,258.3 1 1
github.com/0xERR0R/blocky/resolver/query_logging_resolver.go:260.2,260.85 1 0
github.com/0xERR0R/blocky/resolver/resolver.go:20.65,25.2 1 1
github.com/0xERR0R/blocky/resolver/resolver.go:27.109,35.2 1 1
github.com/0xERR0R/blocky/resolver/resolver.go:38.110,48.2 4 1
github.com/0xERR0R/blocky/resolver/resolver.go:50.105,58.2 1 1
github.com/0xERR0R/blocky/resolver/resolver.go:91.41,93.2 1 1
github.com/0xERR0R/blocky/resolver/resolver.go:96.43,98.2 1 1
github.com/0xERR0R/blocky/resolver/resolver.go:119.51,120.32 1 1
github.com/0xERR0R/blocky/resolver/resolver.go:120.32,121.27 1 1
github.com/0xERR0R/blocky/resolver/resolver.go:121.27,122.43 1 1
github.com/0xERR0R/blocky/resolver/resolver.go:122.43,124.5 1 1
github.com/0xERR0R/blocky/resolver/resolver.go:128.2,128.39 1 1
github.com/0xERR0R/blocky/resolver/resolver.go:131.82,132.22 1 1
github.com/0xERR0R/blocky/resolver/resolver.go:132.22,133.43 1 1
github.com/0xERR0R/blocky/resolver/resolver.go:133.43,135.4 1 1
github.com/0xERR0R/blocky/resolver/resolver.go:137.3,137.57 1 1
github.com/0xERR0R/blocky/resolver/resolver.go:137.57,139.4 1 1
github.com/0xERR0R/blocky/resolver/resolver.go:139.9,140.9 1 1
github.com/0xERR0R/blocky/resolver/resolver.go:144.2,144.62 1 1
github.com/0xERR0R/blocky/resolver/resolver.go:148.37,149.47 1 1
github.com/0xERR0R/blocky/resolver/resolver.go:149.47,151.3 1 1
github.com/0xERR0R/blocky/resolver/resolver.go:153.2,153.24 1 1
github.com/0xERR0R/blocky/resolver/resolver.go:160.58,161.22 1 1
github.com/0xERR0R/blocky/resolver/resolver.go:161.22,164.52 2 1
github.com/0xERR0R/blocky/resolver/resolver.go:164.52,166.4 1 1
github.com/0xERR0R/blocky/resolver/resolver.go:166.9,167.9 1 1
github.com/0xERR0R/blocky/resolver/resolver.go:173.60,177.22 2 1
github.com/0xERR0R/blocky/resolver/resolver.go:177.22,181.3 2 1
github.com/0xERR0R/blocky/resolver/resolver.go:183.2,184.48 2 1
github.com/0xERR0R/blocky/resolver/resolver.go:192.31,194.2 1 1
github.com/0xERR0R/blocky/resolver/resolver.go:197.31,199.2 1 1
github.com/0xERR0R/blocky/resolver/resolver.go:202.33,204.2 1 1
github.com/0xERR0R/blocky/resolver/resolver.go:206.75,207.65 1 1
github.com/0xERR0R/blocky/resolver/resolver.go:207.65,207.82 1 1
github.com/0xERR0R/blocky/resolver/resolver.go:210.107,211.65 1 1
github.com/0xERR0R/blocky/resolver/resolver.go:211.65,213.3 1 1
github.com/0xERR0R/blocky/resolver/resolver.go:216.119,217.67 1 1
github.com/0xERR0R/blocky/resolver/resolver.go:217.67,221.3 2 1
github.com/0xERR0R/blocky/resolver/resolver.go:229.63,231.2 1 1
github.com/0xERR0R/blocky/resolver/resolver.go:234.44,236.2 1 1
github.com/0xERR0R/blocky/resolver/resolver.go:239.59,241.2 1 1
github.com/0xERR0R/blocky/resolver/resolver.go:250.14,251.42 1 1
github.com/0xERR0R/blocky/resolver/resolver.go:251.42,253.17 2 1
github.com/0xERR0R/blocky/resolver/resolver.go:253.17,255.4 1 1
github.com/0xERR0R/blocky/resolver/resolver.go:257.3,259.13 2 1
github.com/0xERR0R/blocky/resolver/resolver.go:262.2,262.27 1 1
github.com/0xERR0R/blocky/resolver/resolver.go:262.27,266.3 2 1
github.com/0xERR0R/blocky/resolver/resolver.go:268.2,269.16 2 1
github.com/0xERR0R/blocky/resolver/resolver.go:269.16,274.3 2 1
github.com/0xERR0R/blocky/resolver/resolver.go:276.2,276.15 1 1
github.com/0xERR0R/blocky/resolver/resolver.go:281.38,285.37 3 1
github.com/0xERR0R/blocky/resolver/resolver.go:285.37,287.17 2 1
github.com/0xERR0R/blocky/resolver/resolver.go:287.17,288.12 1 1
github.com/0xERR0R/blocky/resolver/resolver.go:291.3,291.69 1 1
github.com/0xERR0R/blocky/resolver/resolver.go:294.2,294.25 1 1
github.com/0xERR0R/blocky/resolver/resolver.go:294.25,296.3 1 1
github.com/0xERR0R/blocky/resolver/resolver.go:298.2,298.23 1 1
github.com/0xERR0R/blocky/resolver/resolver.go:302.97,304.30 2 1
github.com/0xERR0R/blocky/resolver/resolver.go:304.30,306.3 1 1
github.com/0xERR0R/blocky/resolver/resolver.go:308.2,308.92 1 1
github.com/0xERR0R/blocky/resolver/rewrite_helper.go:17.57,18.26 1 1
github.com/0xERR0R/blocky/resolver/rewrite_helper.go:18.26,20.3 1 1
github.com/0xERR0R/blocky/resolver/rewrite_helper.go:22.2,24.34 2 1
github.com/0xERR0R/blocky/resolver/rewrite_helper.go:24.34,30.40 4 1
github.com/0xERR0R/blocky/resolver/rewrite_helper.go:30.40,35.24 3 1
github.com/0xERR0R/blocky/resolver/rewrite_helper.go:35.24,37.5 1 1
github.com/0xERR0R/blocky/resolver/rewrite_helper.go:39.4,43.100 2 1
github.com/0xERR0R/blocky/resolver/rewrite_helper.go:47.2,47.33 1 1
github.com/0xERR0R/blocky/resolver/rewrite_helper.go:51.82,52.26 1 1
github.com/0xERR0R/blocky/resolver/rewrite_helper.go:52.26,54.3 1 1
github.com/0xERR0R/blocky/resolver/rewrite_helper.go:56.2,58.31 2 1
github.com/0xERR0R/blocky/resolver/rewrite_helper.go:58.31,59.39 1 1
github.com/0xERR0R/blocky/resolver/rewrite_helper.go:59.39,63.4 2 1
github.com/0xERR0R/blocky/resolver/rewrite_helper.go:66.2,66.19 1 1
github.com/0xERR0R/blocky/resolver/rewrite_helper.go:70.83,71.29 1 1
github.com/0xERR0R/blocky/resolver/rewrite_helper.go:71.29,73.3 1 1
github.com/0xERR0R/blocky/resolver/rewrite_helper.go:75.2,76.19 2 1
github.com/0xERR0R/blocky/resolver/rewrite_helper.go:76.19,77.33 1 1
github.com/0xERR0R/blocky/resolver/rewrite_helper.go:77.33,79.10 2 1
github.com/0xERR0R/blocky/resolver/rewrite_helper.go:79.10,81.5 1 1
github.com/0xERR0R/blocky/resolver/rewrite_helper.go:84.3,84.31 1 1
github.com/0xERR0R/blocky/resolver/rewrite_helper.go:84.31,86.10 2 1
github.com/0xERR0R/blocky/resolver/rewrite_helper.go:86.10,88.5 1 1
github.com/0xERR0R/blocky/resolver/strict_resolver.go:31.28,38.2 2 1
github.com/0xERR0R/blocky/resolver/strict_resolver.go:42.19,51.2 3 1
github.com/0xERR0R/blocky/resolver/strict_resolver.go:53.76,55.2 1 1
github.com/0xERR0R/blocky/resolver/strict_resolver.go:57.40,59.2 1 1
github.com/0xERR0R/blocky/resolver/strict_resolver.go:61.42,63.2 1 1
github.com/0xERR0R/blocky/resolver/strict_resolver.go:66.104,70.47 2 1
github.com/0xERR0R/blocky/resolver/strict_resolver.go:70.47,74.17 3 1
github.com/0xERR0R/blocky/resolver/strict_resolver.go:74.17,78.12 2 1
github.com/0xERR0R/blocky/resolver/strict_resolver.go:81.3,86.19 2 1
github.com/0xERR0R/blocky/resolver/strict_resolver.go:89.2,89.97 1 1
github.com/0xERR0R/blocky/resolver/sudn_resolver.go:97.87,102.2 1 1
github.com/0xERR0R/blocky/resolver/sudn_resolver.go:104.119,105.19 1 1
github.com/0xERR0R/blocky/resolver/sudn_resolver.go:105.19,107.3 1 0
github.com/0xERR0R/blocky/resolver/sudn_resolver.go:109.2,110.20 2 1
github.com/0xERR0R/blocky/resolver/sudn_resolver.go:110.20,112.18 2 1
github.com/0xERR0R/blocky/resolver/sudn_resolver.go:112.18,114.4 1 1
github.com/0xERR0R/blocky/resolver/sudn_resolver.go:117.2,117.37 1 1
github.com/0xERR0R/blocky/resolver/sudn_resolver.go:120.85,124.6 3 1
github.com/0xERR0R/blocky/resolver/sudn_resolver.go:124.6,126.9 2 1
github.com/0xERR0R/blocky/resolver/sudn_resolver.go:126.9,128.4 1 1
github.com/0xERR0R/blocky/resolver/sudn_resolver.go:130.3,131.10 2 1
github.com/0xERR0R/blocky/resolver/sudn_resolver.go:131.10,133.4 1 1
github.com/0xERR0R/blocky/resolver/sudn_resolver.go:135.3,135.17 1 1
github.com/0xERR0R/blocky/resolver/sudn_resolver.go:139.74,141.2 1 1
github.com/0xERR0R/blocky/resolver/sudn_resolver.go:143.75,145.2 1 1
github.com/0xERR0R/blocky/resolver/sudn_resolver.go:147.78,152.17 3 1
github.com/0xERR0R/blocky/resolver/sudn_resolver.go:153.17,154.29 1 1
github.com/0xERR0R/blocky/resolver/sudn_resolver.go:155.20,156.35 1 1
github.com/0xERR0R/blocky/resolver/sudn_resolver.go:157.10,158.36 1 1
github.com/0xERR0R/blocky/resolver/sudn_resolver.go:161.2,166.17 4 1
github.com/0xERR0R/blocky/resolver/sudn_resolver.go:169.85,170.27 1 1
github.com/0xERR0R/blocky/resolver/sudn_resolver.go:170.27,172.3 1 1
github.com/0xERR0R/blocky/resolver/sudn_resolver.go:174.2,174.35 1 1
github.com/0xERR0R/blocky/resolver/sudn_resolver.go:177.77,178.49 1 1
github.com/0xERR0R/blocky/resolver/sudn_resolver.go:178.49,181.3 1 1
github.com/0xERR0R/blocky/resolver/sudn_resolver.go:183.2,183.35 1 1
github.com/0xERR0R/blocky/resolver/upstream_resolver.go:40.46,42.2 1 1
github.com/0xERR0R/blocky/resolver/upstream_resolver.go:49.87,51.2 1 1
github.com/0xERR0R/blocky/resolver/upstream_resolver.go:53.41,55.2 1 1
github.com/0xERR0R/blocky/resolver/upstream_resolver.go:58.42,60.2 1 1
github.com/0xERR0R/blocky/resolver/upstream_resolver.go:63.57,64.40 1 1
github.com/0xERR0R/blocky/resolver/upstream_resolver.go:64.40,69.3 1 0
github.com/0xERR0R/blocky/resolver/upstream_resolver.go:69.8,71.3 1 1
github.com/0xERR0R/blocky/resolver/upstream_resolver.go:104.47,107.33 2 1
github.com/0xERR0R/blocky/resolver/upstream_resolver.go:107.33,108.33 1 1
github.com/0xERR0R/blocky/resolver/upstream_resolver.go:108.33,110.4 1 1
github.com/0xERR0R/blocky/resolver/upstream_resolver.go:113.2,113.77 1 1
github.com/0xERR0R/blocky/resolver/upstream_resolver.go:113.77,115.31 1 1
github.com/0xERR0R/blocky/resolver/upstream_resolver.go:115.31,117.4 1 1
github.com/0xERR0R/blocky/resolver/upstream_resolver.go:120.3,123.40 2 1
github.com/0xERR0R/blocky/resolver/upstream_resolver.go:123.40,124.31 1 1
github.com/0xERR0R/blocky/resolver/upstream_resolver.go:124.31,129.44 3 1
github.com/0xERR0R/blocky/resolver/upstream_resolver.go:129.44,131.66 1 1
github.com/0xERR0R/blocky/resolver/upstream_resolver.go:131.66,134.7 1 1
github.com/0xERR0R/blocky/resolver/upstream_resolver.go:140.3,144.4 1 1
github.com/0xERR0R/blocky/resolver/upstream_resolver.go:148.62,155.26 2 1
github.com/0xERR0R/blocky/resolver/upstream_resolver.go:155.26,157.3 1 0
github.com/0xERR0R/blocky/resolver/upstream_resolver.go:160.2,160.42 1 1
github.com/0xERR0R/blocky/resolver/upstream_resolver.go:160.42,162.3 1 0
github.com/0xERR0R/blocky/resolver/upstream_resolver.go:164.2,164.17 1 1
github.com/0xERR0R/blocky/resolver/upstream_resolver.go:165.31,175.4 3 1
github.com/0xERR0R/blocky/resolver/upstream_resolver.go:177.32,183.4 1 1
github.com/0xERR0R/blocky/resolver/upstream_resolver.go:185.32,193.4 1 1
github.com/0xERR0R/blocky/resolver/upstream_resolver.go:195.10,197.23 2 0
github.com/0xERR0R/blocky/resolver/upstream_resolver.go:201.81,203.2 1 1
github.com/0xERR0R/blocky/resolver/upstream_resolver.go:207.36,211.16 3 1
github.com/0xERR0R/blocky/resolver/upstream_resolver.go:211.16,213.3 1 0
github.com/0xERR0R/blocky/resolver/upstream_resolver.go:215.2,216.16 2 1
github.com/0xERR0R/blocky/resolver/upstream_resolver.go:216.16,218.3 1 0
github.com/0xERR0R/blocky/resolver/upstream_resolver.go:220.2,225.16 5 1
github.com/0xERR0R/blocky/resolver/upstream_resolver.go:225.16,227.3 1 1
github.com/0xERR0R/blocky/resolver/upstream_resolver.go:229.2,229.15 1 1
github.com/0xERR0R/blocky/resolver/upstream_resolver.go:229.15,234.3 2 1
github.com/0xERR0R/blocky/resolver/upstream_resolver.go:236.2,236.46 1 1
github.com/0xERR0R/blocky/resolver/upstream_resolver.go:236.46,238.3 1 1
github.com/0xERR0R/blocky/resolver/upstream_resolver.go:240.2,241.35 2 1
github.com/0xERR0R/blocky/resolver/upstream_resolver.go:241.35,244.3 1 1
github.com/0xERR0R/blocky/resolver/upstream_resolver.go:246.2,247.16 2 1
github.com/0xERR0R/blocky/resolver/upstream_resolver.go:247.16,249.3 1 0
github.com/0xERR0R/blocky/resolver/upstream_resolver.go:251.2,253.16 3 1
github.com/0xERR0R/blocky/resolver/upstream_resolver.go:253.16,255.3 1 1
github.com/0xERR0R/blocky/resolver/upstream_resolver.go:257.2,257.42 1 1
github.com/0xERR0R/blocky/resolver/upstream_resolver.go:260.77,262.2 1 1
github.com/0xERR0R/blocky/resolver/upstream_resolver.go:266.53,267.24 1 1
github.com/0xERR0R/blocky/resolver/upstream_resolver.go:267.24,269.17 2 0
github.com/0xERR0R/blocky/resolver/upstream_resolver.go:269.17,271.4 1 0
github.com/0xERR0R/blocky/resolver/upstream_resolver.go:273.3,273.24 1 0
github.com/0xERR0R/blocky/resolver/upstream_resolver.go:276.2,276.55 1 1
github.com/0xERR0R/blocky/resolver/upstream_resolver.go:288.53,296.68 4 1
github.com/0xERR0R/blocky/resolver/upstream_resolver.go:296.68,299.56 2 1
github.com/0xERR0R/blocky/resolver/upstream_resolver.go:299.56,301.4 1 1
github.com/0xERR0R/blocky/resolver/upstream_resolver.go:303.3,303.45 1 1
github.com/0xERR0R/blocky/resolver/upstream_resolver.go:306.2,313.44 4 1
github.com/0xERR0R/blocky/resolver/upstream_resolver.go:313.44,315.3 1 1
github.com/0xERR0R/blocky/resolver/upstream_resolver.go:317.2,318.44 2 1
github.com/0xERR0R/blocky/resolver/upstream_resolver.go:318.44,320.3 1 1
github.com/0xERR0R/blocky/resolver/upstream_resolver.go:322.2,322.68 1 1
github.com/0xERR0R/blocky/resolver/upstream_resolver.go:322.68,323.18 1 1
github.com/0xERR0R/blocky/resolver/upstream_resolver.go:323.18,325.4 1 1
github.com/0xERR0R/blocky/resolver/upstream_resolver.go:327.3,327.15 1 1
github.com/0xERR0R/blocky/resolver/upstream_resolver.go:331.2,331.40 1 1
github.com/0xERR0R/blocky/resolver/upstream_resolver.go:331.40,332.54 1 1
github.com/0xERR0R/blocky/resolver/upstream_resolver.go:332.54,332.84 1 1
github.com/0xERR0R/blocky/resolver/upstream_resolver.go:334.3,334.53 1 1
github.com/0xERR0R/blocky/resolver/upstream_resolver.go:338.2,338.54 1 0
github.com/0xERR0R/blocky/resolver/upstream_resolver.go:338.54,338.77 1 0
github.com/0xERR0R/blocky/resolver/upstream_resolver.go:340.2,340.44 1 0
github.com/0xERR0R/blocky/resolver/upstream_resolver.go:346.30,349.27 2 1
github.com/0xERR0R/blocky/resolver/upstream_resolver.go:349.27,353.3 2 1
github.com/0xERR0R/blocky/resolver/upstream_resolver.go:355.2,356.16 2 1
github.com/0xERR0R/blocky/resolver/upstream_resolver.go:356.16,358.3 1 1
github.com/0xERR0R/blocky/resolver/upstream_resolver.go:360.2,360.15 1 1
github.com/0xERR0R/blocky/resolver/upstream_resolver.go:364.95,374.2 2 1
github.com/0xERR0R/blocky/resolver/upstream_resolver.go:376.43,378.2 1 1
github.com/0xERR0R/blocky/resolver/upstream_resolver.go:380.54,382.2 1 1
github.com/0xERR0R/blocky/resolver/upstream_resolver.go:384.86,388.2 1 1
github.com/0xERR0R/blocky/resolver/upstream_resolver.go:391.67,396.16 3 1
github.com/0xERR0R/blocky/resolver/upstream_resolver.go:396.16,398.3 1 1
github.com/0xERR0R/blocky/resolver/upstream_resolver.go:400.2,400.12 1 1
github.com/0xERR0R/blocky/resolver/upstream_resolver.go:404.119,408.16 3 1
github.com/0xERR0R/blocky/resolver/upstream_resolver.go:408.16,410.3 1 1
github.com/0xERR0R/blocky/resolver/upstream_resolver.go:412.2,418.16 2 1
github.com/0xERR0R/blocky/resolver/upstream_resolver.go:418.16,426.18 6 1
github.com/0xERR0R/blocky/resolver/upstream_resolver.go:426.18,428.5 1 1
github.com/0xERR0R/blocky/resolver/upstream_resolver.go:430.4,433.14 3 1
github.com/0xERR0R/blocky/resolver/upstream_resolver.go:441.41,450.4 2 1
github.com/0xERR0R/blocky/resolver/upstream_resolver.go:451.2,451.16 1 1
github.com/0xERR0R/blocky/resolver/upstream_resolver.go:451.16,453.3 1 1
github.com/0xERR0R/blocky/resolver/upstream_resolver.go:455.2,455.85 1 1
github.com/0xERR0R/blocky/resolver/upstream_resolver.go:460.3,470.2 1 1
github.com/0xERR0R/blocky/resolver/upstream_resolver.go:472.32,476.2 2 1
github.com/0xERR0R/blocky/resolver/upstream_tree_resolver.go:26.113,27.50 1 1
github.com/0xERR0R/blocky/resolver/upstream_tree_resolver.go:27.50,30.3 1 1
github.com/0xERR0R/blocky/resolver/upstream_tree_resolver.go:32.2,33.16 2 1
github.com/0xERR0R/blocky/resolver/upstream_tree_resolver.go:33.16,35.3 1 1
github.com/0xERR0R/blocky/resolver/upstream_tree_resolver.go:37.2,37.24 1 1
github.com/0xERR0R/blocky/resolver/upstream_tree_resolver.go:37.24,38.30 1 1
github.com/0xERR0R/blocky/resolver/upstream_tree_resolver.go:38.30,40.4 1 1
github.com/0xERR0R/blocky/resolver/upstream_tree_resolver.go:44.2,51.16 2 1
github.com/0xERR0R/blocky/resolver/upstream_tree_resolver.go:56.32,60.43 3 1
github.com/0xERR0R/blocky/resolver/upstream_tree_resolver.go:60.43,68.23 3 1
github.com/0xERR0R/blocky/resolver/upstream_tree_resolver.go:69.44,70.15 1 1
github.com/0xERR0R/blocky/resolver/upstream_tree_resolver.go:71.38,72.72 1 1
github.com/0xERR0R/blocky/resolver/upstream_tree_resolver.go:73.38,74.66 1 1
github.com/0xERR0R/blocky/resolver/upstream_tree_resolver.go:77.3,77.17 1 1
github.com/0xERR0R/blocky/resolver/upstream_tree_resolver.go:77.17,80.12 2 1
github.com/0xERR0R/blocky/resolver/upstream_tree_resolver.go:83.3,83.29 1 1
github.com/0xERR0R/blocky/resolver/upstream_tree_resolver.go:86.2,86.20 1 1
github.com/0xERR0R/blocky/resolver/upstream_tree_resolver.go:86.20,88.3 1 1
github.com/0xERR0R/blocky/resolver/upstream_tree_resolver.go:90.2,90.22 1 1
github.com/0xERR0R/blocky/resolver/upstream_tree_resolver.go:93.46,95.2 1 1
github.com/0xERR0R/blocky/resolver/upstream_tree_resolver.go:97.48,100.37 2 1
github.com/0xERR0R/blocky/resolver/upstream_tree_resolver.go:100.37,102.3 1 1
github.com/0xERR0R/blocky/resolver/upstream_tree_resolver.go:104.2,104.93 1 1
github.com/0xERR0R/blocky/resolver/upstream_tree_resolver.go:107.110,116.16 5 1
github.com/0xERR0R/blocky/resolver/upstream_tree_resolver.go:116.16,118.3 1 0
github.com/0xERR0R/blocky/resolver/upstream_tree_resolver.go:120.2,120.18 1 1
github.com/0xERR0R/blocky/resolver/upstream_tree_resolver.go:123.107,128.47 3 1
github.com/0xERR0R/blocky/resolver/upstream_tree_resolver.go:128.47,130.3 1 1
github.com/0xERR0R/blocky/resolver/upstream_tree_resolver.go:133.2,133.43 1 1
github.com/0xERR0R/blocky/resolver/upstream_tree_resolver.go:133.43,134.33 1 1
github.com/0xERR0R/blocky/resolver/upstream_tree_resolver.go:134.33,135.52 1 1
github.com/0xERR0R/blocky/resolver/upstream_tree_resolver.go:135.52,137.5 1 1
github.com/0xERR0R/blocky/resolver/upstream_tree_resolver.go:142.2,142.22 1 1
github.com/0xERR0R/blocky/resolver/upstream_tree_resolver.go:142.22,143.32 1 1
github.com/0xERR0R/blocky/resolver/upstream_tree_resolver.go:143.32,144.51 1 1
github.com/0xERR0R/blocky/resolver/upstream_tree_resolver.go:144.51,146.5 1 1
github.com/0xERR0R/blocky/resolver/upstream_tree_resolver.go:150.2,150.21 1 1
github.com/0xERR0R/blocky/resolver/upstream_tree_resolver.go:150.21,151.22 1 1
github.com/0xERR0R/blocky/resolver/upstream_tree_resolver.go:151.22,157.4 1 1
github.com/0xERR0R/blocky/resolver/upstream_tree_resolver.go:159.3,159.19 1 1
github.com/0xERR0R/blocky/resolver/upstream_tree_resolver.go:162.2,162.31 1 1
